<?xml version="1.0" encoding="UTF-8"?>
<testsuite xmlns:xsi="http://www.w3.org/2001/XMLSchema-instance" xsi:noNamespaceSchemaLocation="https://maven.apache.org/surefire/maven-surefire-plugin/xsd/surefire-test-report-3.0.xsd" version="3.0" name="com.dms.variant.controllers.PackagesControllerIntegrationTests" time="3.588" tests="14" errors="0" skipped="0" failures="0">
  <properties>
    <property name="java.specification.version" value="17"/>
    <property name="sun.jnu.encoding" value="UTF-8"/>
    <property name="java.class.path" value="/home/madhav/Desktop/Variant/backend/target/test-classes:/home/madhav/Desktop/Variant/backend/target/classes:/home/madhav/.m2/repository/org/springframework/boot/spring-boot-starter-web/3.2.1/spring-boot-starter-web-3.2.1.jar:/home/madhav/.m2/repository/org/springframework/boot/spring-boot-starter/3.2.1/spring-boot-starter-3.2.1.jar:/home/madhav/.m2/repository/org/springframework/boot/spring-boot/3.2.1/spring-boot-3.2.1.jar:/home/madhav/.m2/repository/org/springframework/boot/spring-boot-autoconfigure/3.2.1/spring-boot-autoconfigure-3.2.1.jar:/home/madhav/.m2/repository/org/springframework/boot/spring-boot-starter-logging/3.2.1/spring-boot-starter-logging-3.2.1.jar:/home/madhav/.m2/repository/ch/qos/logback/logback-classic/1.4.14/logback-classic-1.4.14.jar:/home/madhav/.m2/repository/ch/qos/logback/logback-core/1.4.14/logback-core-1.4.14.jar:/home/madhav/.m2/repository/org/apache/logging/log4j/log4j-to-slf4j/2.21.1/log4j-to-slf4j-2.21.1.jar:/home/madhav/.m2/repository/org/apache/logging/log4j/log4j-api/2.21.1/log4j-api-2.21.1.jar:/home/madhav/.m2/repository/org/slf4j/jul-to-slf4j/2.0.9/jul-to-slf4j-2.0.9.jar:/home/madhav/.m2/repository/jakarta/annotation/jakarta.annotation-api/2.1.1/jakarta.annotation-api-2.1.1.jar:/home/madhav/.m2/repository/org/yaml/snakeyaml/2.2/snakeyaml-2.2.jar:/home/madhav/.m2/repository/org/springframework/boot/spring-boot-starter-json/3.2.1/spring-boot-starter-json-3.2.1.jar:/home/madhav/.m2/repository/com/fasterxml/jackson/core/jackson-databind/2.15.3/jackson-databind-2.15.3.jar:/home/madhav/.m2/repository/com/fasterxml/jackson/core/jackson-annotations/2.15.3/jackson-annotations-2.15.3.jar:/home/madhav/.m2/repository/com/fasterxml/jackson/core/jackson-core/2.15.3/jackson-core-2.15.3.jar:/home/madhav/.m2/repository/com/fasterxml/jackson/datatype/jackson-datatype-jdk8/2.15.3/jackson-datatype-jdk8-2.15.3.jar:/home/madhav/.m2/repository/com/fasterxml/jackson/datatype/jackson-datatype-jsr310/2.15.3/jackson-datatype-jsr310-2.15.3.jar:/home/madhav/.m2/repository/com/fasterxml/jackson/module/jackson-module-parameter-names/2.15.3/jackson-module-parameter-names-2.15.3.jar:/home/madhav/.m2/repository/org/springframework/boot/spring-boot-starter-tomcat/3.2.1/spring-boot-starter-tomcat-3.2.1.jar:/home/madhav/.m2/repository/org/apache/tomcat/embed/tomcat-embed-core/10.1.17/tomcat-embed-core-10.1.17.jar:/home/madhav/.m2/repository/org/apache/tomcat/embed/tomcat-embed-el/10.1.17/tomcat-embed-el-10.1.17.jar:/home/madhav/.m2/repository/org/apache/tomcat/embed/tomcat-embed-websocket/10.1.17/tomcat-embed-websocket-10.1.17.jar:/home/madhav/.m2/repository/org/springframework/spring-webmvc/6.1.2/spring-webmvc-6.1.2.jar:/home/madhav/.m2/repository/org/springframework/spring-aop/6.1.2/spring-aop-6.1.2.jar:/home/madhav/.m2/repository/org/springframework/spring-context/6.1.2/spring-context-6.1.2.jar:/home/madhav/.m2/repository/org/springframework/spring-expression/6.1.2/spring-expression-6.1.2.jar:/home/madhav/.m2/repository/org/springframework/boot/spring-boot-starter-data-jpa/3.2.1/spring-boot-starter-data-jpa-3.2.1.jar:/home/madhav/.m2/repository/org/springframework/boot/spring-boot-starter-aop/3.2.1/spring-boot-starter-aop-3.2.1.jar:/home/madhav/.m2/repository/org/aspectj/aspectjweaver/1.9.21/aspectjweaver-1.9.21.jar:/home/madhav/.m2/repository/org/springframework/boot/spring-boot-starter-jdbc/3.2.1/spring-boot-starter-jdbc-3.2.1.jar:/home/madhav/.m2/repository/com/zaxxer/HikariCP/5.0.1/HikariCP-5.0.1.jar:/home/madhav/.m2/repository/org/springframework/spring-jdbc/6.1.2/spring-jdbc-6.1.2.jar:/home/madhav/.m2/repository/org/hibernate/orm/hibernate-core/6.4.1.Final/hibernate-core-6.4.1.Final.jar:/home/madhav/.m2/repository/jakarta/persistence/jakarta.persistence-api/3.1.0/jakarta.persistence-api-3.1.0.jar:/home/madhav/.m2/repository/jakarta/transaction/jakarta.transaction-api/2.0.1/jakarta.transaction-api-2.0.1.jar:/home/madhav/.m2/repository/org/jboss/logging/jboss-logging/3.5.3.Final/jboss-logging-3.5.3.Final.jar:/home/madhav/.m2/repository/org/hibernate/common/hibernate-commons-annotations/6.0.6.Final/hibernate-commons-annotations-6.0.6.Final.jar:/home/madhav/.m2/repository/io/smallrye/jandex/3.1.2/jandex-3.1.2.jar:/home/madhav/.m2/repository/com/fasterxml/classmate/1.6.0/classmate-1.6.0.jar:/home/madhav/.m2/repository/net/bytebuddy/byte-buddy/1.14.10/byte-buddy-1.14.10.jar:/home/madhav/.m2/repository/org/glassfish/jaxb/jaxb-runtime/4.0.4/jaxb-runtime-4.0.4.jar:/home/madhav/.m2/repository/org/glassfish/jaxb/jaxb-core/4.0.4/jaxb-core-4.0.4.jar:/home/madhav/.m2/repository/org/eclipse/angus/angus-activation/2.0.1/angus-activation-2.0.1.jar:/home/madhav/.m2/repository/org/glassfish/jaxb/txw2/4.0.4/txw2-4.0.4.jar:/home/madhav/.m2/repository/com/sun/istack/istack-commons-runtime/4.1.2/istack-commons-runtime-4.1.2.jar:/home/madhav/.m2/repository/jakarta/inject/jakarta.inject-api/2.0.1/jakarta.inject-api-2.0.1.jar:/home/madhav/.m2/repository/org/antlr/antlr4-runtime/4.13.0/antlr4-runtime-4.13.0.jar:/home/madhav/.m2/repository/org/springframework/data/spring-data-jpa/3.2.1/spring-data-jpa-3.2.1.jar:/home/madhav/.m2/repository/org/springframework/data/spring-data-commons/3.2.1/spring-data-commons-3.2.1.jar:/home/madhav/.m2/repository/org/springframework/spring-orm/6.1.2/spring-orm-6.1.2.jar:/home/madhav/.m2/repository/org/springframework/spring-tx/6.1.2/spring-tx-6.1.2.jar:/home/madhav/.m2/repository/org/slf4j/slf4j-api/2.0.9/slf4j-api-2.0.9.jar:/home/madhav/.m2/repository/org/springframework/spring-aspects/6.1.2/spring-aspects-6.1.2.jar:/home/madhav/.m2/repository/org/postgresql/postgresql/42.6.0/postgresql-42.6.0.jar:/home/madhav/.m2/repository/org/checkerframework/checker-qual/3.31.0/checker-qual-3.31.0.jar:/home/madhav/.m2/repository/org/projectlombok/lombok/1.18.30/lombok-1.18.30.jar:/home/madhav/.m2/repository/org/springframework/boot/spring-boot-starter-test/3.2.1/spring-boot-starter-test-3.2.1.jar:/home/madhav/.m2/repository/org/springframework/boot/spring-boot-test/3.2.1/spring-boot-test-3.2.1.jar:/home/madhav/.m2/repository/org/springframework/boot/spring-boot-test-autoconfigure/3.2.1/spring-boot-test-autoconfigure-3.2.1.jar:/home/madhav/.m2/repository/com/jayway/jsonpath/json-path/2.8.0/json-path-2.8.0.jar:/home/madhav/.m2/repository/jakarta/xml/bind/jakarta.xml.bind-api/4.0.1/jakarta.xml.bind-api-4.0.1.jar:/home/madhav/.m2/repository/jakarta/activation/jakarta.activation-api/2.1.2/jakarta.activation-api-2.1.2.jar:/home/madhav/.m2/repository/net/minidev/json-smart/2.5.0/json-smart-2.5.0.jar:/home/madhav/.m2/repository/net/minidev/accessors-smart/2.5.0/accessors-smart-2.5.0.jar:/home/madhav/.m2/repository/org/ow2/asm/asm/9.3/asm-9.3.jar:/home/madhav/.m2/repository/org/awaitility/awaitility/4.2.0/awaitility-4.2.0.jar:/home/madhav/.m2/repository/org/hamcrest/hamcrest/2.2/hamcrest-2.2.jar:/home/madhav/.m2/repository/org/junit/jupiter/junit-jupiter/5.10.1/junit-jupiter-5.10.1.jar:/home/madhav/.m2/repository/org/junit/jupiter/junit-jupiter-api/5.10.1/junit-jupiter-api-5.10.1.jar:/home/madhav/.m2/repository/org/opentest4j/opentest4j/1.3.0/opentest4j-1.3.0.jar:/home/madhav/.m2/repository/org/junit/platform/junit-platform-commons/1.10.1/junit-platform-commons-1.10.1.jar:/home/madhav/.m2/repository/org/apiguardian/apiguardian-api/1.1.2/apiguardian-api-1.1.2.jar:/home/madhav/.m2/repository/org/junit/jupiter/junit-jupiter-params/5.10.1/junit-jupiter-params-5.10.1.jar:/home/madhav/.m2/repository/org/junit/jupiter/junit-jupiter-engine/5.10.1/junit-jupiter-engine-5.10.1.jar:/home/madhav/.m2/repository/org/junit/platform/junit-platform-engine/1.10.1/junit-platform-engine-1.10.1.jar:/home/madhav/.m2/repository/org/mockito/mockito-core/5.7.0/mockito-core-5.7.0.jar:/home/madhav/.m2/repository/net/bytebuddy/byte-buddy-agent/1.14.10/byte-buddy-agent-1.14.10.jar:/home/madhav/.m2/repository/org/objenesis/objenesis/3.3/objenesis-3.3.jar:/home/madhav/.m2/repository/org/mockito/mockito-junit-jupiter/5.7.0/mockito-junit-jupiter-5.7.0.jar:/home/madhav/.m2/repository/org/skyscreamer/jsonassert/1.5.1/jsonassert-1.5.1.jar:/home/madhav/.m2/repository/com/vaadin/external/google/android-json/0.0.20131108.vaadin1/android-json-0.0.20131108.vaadin1.jar:/home/madhav/.m2/repository/org/springframework/spring-core/6.1.2/spring-core-6.1.2.jar:/home/madhav/.m2/repository/org/springframework/spring-jcl/6.1.2/spring-jcl-6.1.2.jar:/home/madhav/.m2/repository/org/springframework/spring-test/6.1.2/spring-test-6.1.2.jar:/home/madhav/.m2/repository/org/xmlunit/xmlunit-core/2.9.1/xmlunit-core-2.9.1.jar:/home/madhav/.m2/repository/com/h2database/h2/2.2.224/h2-2.2.224.jar:/home/madhav/.m2/repository/org/assertj/assertj-core/3.21.0/assertj-core-3.21.0.jar:/home/madhav/.m2/repository/org/springframework/spring-web/6.1.2/spring-web-6.1.2.jar:/home/madhav/.m2/repository/org/springframework/spring-beans/6.1.2/spring-beans-6.1.2.jar:/home/madhav/.m2/repository/io/micrometer/micrometer-observation/1.12.1/micrometer-observation-1.12.1.jar:/home/madhav/.m2/repository/io/micrometer/micrometer-commons/1.12.1/micrometer-commons-1.12.1.jar:/home/madhav/.m2/repository/org/modelmapper/modelmapper/3.0.0/modelmapper-3.0.0.jar:"/>
    <property name="java.vm.vendor" value="Oracle Corporation"/>
    <property name="sun.arch.data.model" value="64"/>
    <property name="java.vendor.url" value="https://java.oracle.com/"/>
    <property name="user.timezone" value="America/Detroit"/>
    <property name="org.jboss.logging.provider" value="slf4j"/>
    <property name="os.name" value="Linux"/>
    <property name="java.vm.specification.version" value="17"/>
    <property name="sun.java.launcher" value="SUN_STANDARD"/>
    <property name="user.country" value="IN"/>
    <property name="sun.boot.library.path" value="/home/madhav/jdk-17.0.9/lib"/>
    <property name="sun.java.command" value="/home/madhav/Desktop/Variant/backend/target/surefire/surefirebooter-20240204164449596_3.jar /home/madhav/Desktop/Variant/backend/target/surefire 2024-02-04T16-44-49_437-jvmRun1 surefire-20240204164449596_1tmp surefire_0-20240204164449596_2tmp"/>
    <property name="jdk.debug" value="release"/>
    <property name="surefire.test.class.path" value="/home/madhav/Desktop/Variant/backend/target/test-classes:/home/madhav/Desktop/Variant/backend/target/classes:/home/madhav/.m2/repository/org/springframework/boot/spring-boot-starter-web/3.2.1/spring-boot-starter-web-3.2.1.jar:/home/madhav/.m2/repository/org/springframework/boot/spring-boot-starter/3.2.1/spring-boot-starter-3.2.1.jar:/home/madhav/.m2/repository/org/springframework/boot/spring-boot/3.2.1/spring-boot-3.2.1.jar:/home/madhav/.m2/repository/org/springframework/boot/spring-boot-autoconfigure/3.2.1/spring-boot-autoconfigure-3.2.1.jar:/home/madhav/.m2/repository/org/springframework/boot/spring-boot-starter-logging/3.2.1/spring-boot-starter-logging-3.2.1.jar:/home/madhav/.m2/repository/ch/qos/logback/logback-classic/1.4.14/logback-classic-1.4.14.jar:/home/madhav/.m2/repository/ch/qos/logback/logback-core/1.4.14/logback-core-1.4.14.jar:/home/madhav/.m2/repository/org/apache/logging/log4j/log4j-to-slf4j/2.21.1/log4j-to-slf4j-2.21.1.jar:/home/madhav/.m2/repository/org/apache/logging/log4j/log4j-api/2.21.1/log4j-api-2.21.1.jar:/home/madhav/.m2/repository/org/slf4j/jul-to-slf4j/2.0.9/jul-to-slf4j-2.0.9.jar:/home/madhav/.m2/repository/jakarta/annotation/jakarta.annotation-api/2.1.1/jakarta.annotation-api-2.1.1.jar:/home/madhav/.m2/repository/org/yaml/snakeyaml/2.2/snakeyaml-2.2.jar:/home/madhav/.m2/repository/org/springframework/boot/spring-boot-starter-json/3.2.1/spring-boot-starter-json-3.2.1.jar:/home/madhav/.m2/repository/com/fasterxml/jackson/core/jackson-databind/2.15.3/jackson-databind-2.15.3.jar:/home/madhav/.m2/repository/com/fasterxml/jackson/core/jackson-annotations/2.15.3/jackson-annotations-2.15.3.jar:/home/madhav/.m2/repository/com/fasterxml/jackson/core/jackson-core/2.15.3/jackson-core-2.15.3.jar:/home/madhav/.m2/repository/com/fasterxml/jackson/datatype/jackson-datatype-jdk8/2.15.3/jackson-datatype-jdk8-2.15.3.jar:/home/madhav/.m2/repository/com/fasterxml/jackson/datatype/jackson-datatype-jsr310/2.15.3/jackson-datatype-jsr310-2.15.3.jar:/home/madhav/.m2/repository/com/fasterxml/jackson/module/jackson-module-parameter-names/2.15.3/jackson-module-parameter-names-2.15.3.jar:/home/madhav/.m2/repository/org/springframework/boot/spring-boot-starter-tomcat/3.2.1/spring-boot-starter-tomcat-3.2.1.jar:/home/madhav/.m2/repository/org/apache/tomcat/embed/tomcat-embed-core/10.1.17/tomcat-embed-core-10.1.17.jar:/home/madhav/.m2/repository/org/apache/tomcat/embed/tomcat-embed-el/10.1.17/tomcat-embed-el-10.1.17.jar:/home/madhav/.m2/repository/org/apache/tomcat/embed/tomcat-embed-websocket/10.1.17/tomcat-embed-websocket-10.1.17.jar:/home/madhav/.m2/repository/org/springframework/spring-webmvc/6.1.2/spring-webmvc-6.1.2.jar:/home/madhav/.m2/repository/org/springframework/spring-aop/6.1.2/spring-aop-6.1.2.jar:/home/madhav/.m2/repository/org/springframework/spring-context/6.1.2/spring-context-6.1.2.jar:/home/madhav/.m2/repository/org/springframework/spring-expression/6.1.2/spring-expression-6.1.2.jar:/home/madhav/.m2/repository/org/springframework/boot/spring-boot-starter-data-jpa/3.2.1/spring-boot-starter-data-jpa-3.2.1.jar:/home/madhav/.m2/repository/org/springframework/boot/spring-boot-starter-aop/3.2.1/spring-boot-starter-aop-3.2.1.jar:/home/madhav/.m2/repository/org/aspectj/aspectjweaver/1.9.21/aspectjweaver-1.9.21.jar:/home/madhav/.m2/repository/org/springframework/boot/spring-boot-starter-jdbc/3.2.1/spring-boot-starter-jdbc-3.2.1.jar:/home/madhav/.m2/repository/com/zaxxer/HikariCP/5.0.1/HikariCP-5.0.1.jar:/home/madhav/.m2/repository/org/springframework/spring-jdbc/6.1.2/spring-jdbc-6.1.2.jar:/home/madhav/.m2/repository/org/hibernate/orm/hibernate-core/6.4.1.Final/hibernate-core-6.4.1.Final.jar:/home/madhav/.m2/repository/jakarta/persistence/jakarta.persistence-api/3.1.0/jakarta.persistence-api-3.1.0.jar:/home/madhav/.m2/repository/jakarta/transaction/jakarta.transaction-api/2.0.1/jakarta.transaction-api-2.0.1.jar:/home/madhav/.m2/repository/org/jboss/logging/jboss-logging/3.5.3.Final/jboss-logging-3.5.3.Final.jar:/home/madhav/.m2/repository/org/hibernate/common/hibernate-commons-annotations/6.0.6.Final/hibernate-commons-annotations-6.0.6.Final.jar:/home/madhav/.m2/repository/io/smallrye/jandex/3.1.2/jandex-3.1.2.jar:/home/madhav/.m2/repository/com/fasterxml/classmate/1.6.0/classmate-1.6.0.jar:/home/madhav/.m2/repository/net/bytebuddy/byte-buddy/1.14.10/byte-buddy-1.14.10.jar:/home/madhav/.m2/repository/org/glassfish/jaxb/jaxb-runtime/4.0.4/jaxb-runtime-4.0.4.jar:/home/madhav/.m2/repository/org/glassfish/jaxb/jaxb-core/4.0.4/jaxb-core-4.0.4.jar:/home/madhav/.m2/repository/org/eclipse/angus/angus-activation/2.0.1/angus-activation-2.0.1.jar:/home/madhav/.m2/repository/org/glassfish/jaxb/txw2/4.0.4/txw2-4.0.4.jar:/home/madhav/.m2/repository/com/sun/istack/istack-commons-runtime/4.1.2/istack-commons-runtime-4.1.2.jar:/home/madhav/.m2/repository/jakarta/inject/jakarta.inject-api/2.0.1/jakarta.inject-api-2.0.1.jar:/home/madhav/.m2/repository/org/antlr/antlr4-runtime/4.13.0/antlr4-runtime-4.13.0.jar:/home/madhav/.m2/repository/org/springframework/data/spring-data-jpa/3.2.1/spring-data-jpa-3.2.1.jar:/home/madhav/.m2/repository/org/springframework/data/spring-data-commons/3.2.1/spring-data-commons-3.2.1.jar:/home/madhav/.m2/repository/org/springframework/spring-orm/6.1.2/spring-orm-6.1.2.jar:/home/madhav/.m2/repository/org/springframework/spring-tx/6.1.2/spring-tx-6.1.2.jar:/home/madhav/.m2/repository/org/slf4j/slf4j-api/2.0.9/slf4j-api-2.0.9.jar:/home/madhav/.m2/repository/org/springframework/spring-aspects/6.1.2/spring-aspects-6.1.2.jar:/home/madhav/.m2/repository/org/postgresql/postgresql/42.6.0/postgresql-42.6.0.jar:/home/madhav/.m2/repository/org/checkerframework/checker-qual/3.31.0/checker-qual-3.31.0.jar:/home/madhav/.m2/repository/org/projectlombok/lombok/1.18.30/lombok-1.18.30.jar:/home/madhav/.m2/repository/org/springframework/boot/spring-boot-starter-test/3.2.1/spring-boot-starter-test-3.2.1.jar:/home/madhav/.m2/repository/org/springframework/boot/spring-boot-test/3.2.1/spring-boot-test-3.2.1.jar:/home/madhav/.m2/repository/org/springframework/boot/spring-boot-test-autoconfigure/3.2.1/spring-boot-test-autoconfigure-3.2.1.jar:/home/madhav/.m2/repository/com/jayway/jsonpath/json-path/2.8.0/json-path-2.8.0.jar:/home/madhav/.m2/repository/jakarta/xml/bind/jakarta.xml.bind-api/4.0.1/jakarta.xml.bind-api-4.0.1.jar:/home/madhav/.m2/repository/jakarta/activation/jakarta.activation-api/2.1.2/jakarta.activation-api-2.1.2.jar:/home/madhav/.m2/repository/net/minidev/json-smart/2.5.0/json-smart-2.5.0.jar:/home/madhav/.m2/repository/net/minidev/accessors-smart/2.5.0/accessors-smart-2.5.0.jar:/home/madhav/.m2/repository/org/ow2/asm/asm/9.3/asm-9.3.jar:/home/madhav/.m2/repository/org/awaitility/awaitility/4.2.0/awaitility-4.2.0.jar:/home/madhav/.m2/repository/org/hamcrest/hamcrest/2.2/hamcrest-2.2.jar:/home/madhav/.m2/repository/org/junit/jupiter/junit-jupiter/5.10.1/junit-jupiter-5.10.1.jar:/home/madhav/.m2/repository/org/junit/jupiter/junit-jupiter-api/5.10.1/junit-jupiter-api-5.10.1.jar:/home/madhav/.m2/repository/org/opentest4j/opentest4j/1.3.0/opentest4j-1.3.0.jar:/home/madhav/.m2/repository/org/junit/platform/junit-platform-commons/1.10.1/junit-platform-commons-1.10.1.jar:/home/madhav/.m2/repository/org/apiguardian/apiguardian-api/1.1.2/apiguardian-api-1.1.2.jar:/home/madhav/.m2/repository/org/junit/jupiter/junit-jupiter-params/5.10.1/junit-jupiter-params-5.10.1.jar:/home/madhav/.m2/repository/org/junit/jupiter/junit-jupiter-engine/5.10.1/junit-jupiter-engine-5.10.1.jar:/home/madhav/.m2/repository/org/junit/platform/junit-platform-engine/1.10.1/junit-platform-engine-1.10.1.jar:/home/madhav/.m2/repository/org/mockito/mockito-core/5.7.0/mockito-core-5.7.0.jar:/home/madhav/.m2/repository/net/bytebuddy/byte-buddy-agent/1.14.10/byte-buddy-agent-1.14.10.jar:/home/madhav/.m2/repository/org/objenesis/objenesis/3.3/objenesis-3.3.jar:/home/madhav/.m2/repository/org/mockito/mockito-junit-jupiter/5.7.0/mockito-junit-jupiter-5.7.0.jar:/home/madhav/.m2/repository/org/skyscreamer/jsonassert/1.5.1/jsonassert-1.5.1.jar:/home/madhav/.m2/repository/com/vaadin/external/google/android-json/0.0.20131108.vaadin1/android-json-0.0.20131108.vaadin1.jar:/home/madhav/.m2/repository/org/springframework/spring-core/6.1.2/spring-core-6.1.2.jar:/home/madhav/.m2/repository/org/springframework/spring-jcl/6.1.2/spring-jcl-6.1.2.jar:/home/madhav/.m2/repository/org/springframework/spring-test/6.1.2/spring-test-6.1.2.jar:/home/madhav/.m2/repository/org/xmlunit/xmlunit-core/2.9.1/xmlunit-core-2.9.1.jar:/home/madhav/.m2/repository/com/h2database/h2/2.2.224/h2-2.2.224.jar:/home/madhav/.m2/repository/org/assertj/assertj-core/3.21.0/assertj-core-3.21.0.jar:/home/madhav/.m2/repository/org/springframework/spring-web/6.1.2/spring-web-6.1.2.jar:/home/madhav/.m2/repository/org/springframework/spring-beans/6.1.2/spring-beans-6.1.2.jar:/home/madhav/.m2/repository/io/micrometer/micrometer-observation/1.12.1/micrometer-observation-1.12.1.jar:/home/madhav/.m2/repository/io/micrometer/micrometer-commons/1.12.1/micrometer-commons-1.12.1.jar:/home/madhav/.m2/repository/org/modelmapper/modelmapper/3.0.0/modelmapper-3.0.0.jar:"/>
    <property name="sun.cpu.endian" value="little"/>
    <property name="user.home" value="/home/madhav"/>
    <property name="user.language" value="en"/>
    <property name="java.specification.vendor" value="Oracle Corporation"/>
    <property name="java.version.date" value="2023-10-17"/>
    <property name="java.home" value="/home/madhav/jdk-17.0.9"/>
    <property name="file.separator" value="/"/>
    <property name="basedir" value="/home/madhav/Desktop/Variant/backend"/>
    <property name="java.vm.compressedOopsMode" value="32-bit"/>
    <property name="line.separator" value="&#10;"/>
    <property name="java.specification.name" value="Java Platform API Specification"/>
    <property name="java.vm.specification.vendor" value="Oracle Corporation"/>
    <property name="FILE_LOG_CHARSET" value="UTF-8"/>
    <property name="java.awt.headless" value="true"/>
    <property name="surefire.real.class.path" value="/home/madhav/Desktop/Variant/backend/target/surefire/surefirebooter-20240204164449596_3.jar"/>
    <property name="sun.management.compiler" value="HotSpot 64-Bit Tiered Compilers"/>
    <property name="java.runtime.version" value="17.0.9+11-LTS-201"/>
    <property name="user.name" value="madhav"/>
    <property name="path.separator" value=":"/>
    <property name="os.version" value="5.4.0-170-generic"/>
    <property name="java.runtime.name" value="Java(TM) SE Runtime Environment"/>
    <property name="file.encoding" value="UTF-8"/>
    <property name="java.vm.name" value="Java HotSpot(TM) 64-Bit Server VM"/>
    <property name="localRepository" value="/home/madhav/.m2/repository"/>
    <property name="java.vendor.url.bug" value="https://bugreport.java.com/bugreport/"/>
    <property name="java.io.tmpdir" value="/tmp"/>
    <property name="com.zaxxer.hikari.pool_number" value="144"/>
    <property name="java.version" value="17.0.9"/>
    <property name="user.dir" value="/home/madhav/Desktop/Variant/backend"/>
    <property name="os.arch" value="amd64"/>
    <property name="java.vm.specification.name" value="Java Virtual Machine Specification"/>
    <property name="PID" value="21079"/>
    <property name="CONSOLE_LOG_CHARSET" value="UTF-8"/>
    <property name="native.encoding" value="UTF-8"/>
    <property name="java.library.path" value="/usr/java/packages/lib:/usr/lib64:/lib64:/lib:/usr/lib"/>
    <property name="java.vm.info" value="mixed mode, sharing"/>
    <property name="java.vendor" value="Oracle Corporation"/>
    <property name="java.vm.version" value="17.0.9+11-LTS-201"/>
    <property name="sun.io.unicode.encoding" value="UnicodeLittle"/>
    <property name="java.class.version" value="61.0"/>
  </properties>
  <testcase name="testThatPartialUpdateExistingPackagesReturnsUpdatedPackages" classname="com.dms.variant.controllers.PackagesControllerIntegrationTests" time="0.015">
    <system-out><![CDATA[2024-02-04T16:45:42.248-05:00  INFO 21079 --- [           main] t.c.s.AnnotationConfigContextLoaderUtils : Could not detect default configuration classes for test class [com.dms.variant.controllers.PackagesControllerIntegrationTests]: PackagesControllerIntegrationTests does not declare any static, non-private, non-final, nested classes annotated with @Configuration.
2024-02-04T16:45:42.251-05:00  INFO 21079 --- [           main] .b.t.c.SpringBootTestContextBootstrapper : Found @SpringBootConfiguration com.dms.variant.VariantApplication for test class com.dms.variant.controllers.PackagesControllerIntegrationTests

  .   ____          _            __ _ _
 /\\ / ___'_ __ _ _(_)_ __  __ _ \ \ \ \
( ( )\___ | '_ | '_| | '_ \/ _` | \ \ \ \
 \\/  ___)| |_)| | | | | || (_| |  ) ) ) )
  '  |____| .__|_| |_|_| |_\__, | / / / /
 =========|_|==============|___/=/_/_/_/
 :: Spring Boot ::                (v3.2.1)

2024-02-04T16:45:42.263-05:00  INFO 21079 --- [           main] d.v.c.PackagesControllerIntegrationTests : Starting PackagesControllerIntegrationTests using Java 17.0.9 with PID 21079 (started by madhav in /home/madhav/Desktop/Variant/backend)
2024-02-04T16:45:42.263-05:00  INFO 21079 --- [           main] d.v.c.PackagesControllerIntegrationTests : No active profile set, falling back to 1 default profile: "default"
2024-02-04T16:45:42.312-05:00  INFO 21079 --- [           main] .s.d.r.c.RepositoryConfigurationDelegate : Bootstrapping Spring Data JPA repositories in DEFAULT mode.
2024-02-04T16:45:42.318-05:00  INFO 21079 --- [           main] .s.d.r.c.RepositoryConfigurationDelegate : Finished Spring Data repository scanning in 6 ms. Found 12 JPA repository interfaces.
2024-02-04T16:45:42.344-05:00  INFO 21079 --- [           main] com.zaxxer.hikari.HikariDataSource       : HikariPool-131 - Starting...
2024-02-04T16:45:42.345-05:00  INFO 21079 --- [           main] com.zaxxer.hikari.pool.HikariPool        : HikariPool-131 - Added connection conn1199: url=jdbc:h2:mem:testdb user=SA
2024-02-04T16:45:42.345-05:00  INFO 21079 --- [           main] com.zaxxer.hikari.HikariDataSource       : HikariPool-131 - Start completed.
2024-02-04T16:45:42.346-05:00  INFO 21079 --- [           main] o.hibernate.jpa.internal.util.LogHelper  : HHH000204: Processing PersistenceUnitInfo [name: default]
2024-02-04T16:45:42.347-05:00  INFO 21079 --- [           main] o.h.c.internal.RegionFactoryInitiator    : HHH000026: Second-level cache disabled
2024-02-04T16:45:42.348-05:00  INFO 21079 --- [           main] o.s.o.j.p.SpringPersistenceUnitInfo      : No LoadTimeWeaver setup: ignoring JPA class transformer
2024-02-04T16:45:42.391-05:00  INFO 21079 --- [           main] o.h.e.t.j.p.i.JtaPlatformInitiator       : HHH000489: No JTA platform available (set 'hibernate.transaction.jta.platform' to enable JTA platform integration)
2024-02-04T16:45:42.393-05:00  INFO 21079 --- [           main] j.LocalContainerEntityManagerFactoryBean : Initialized JPA EntityManagerFactory for persistence unit 'default'
2024-02-04T16:45:42.432-05:00  WARN 21079 --- [           main] JpaBaseConfiguration$JpaWebConfiguration : spring.jpa.open-in-view is enabled by default. Therefore, database queries may be performed during view rendering. Explicitly configure spring.jpa.open-in-view to disable this warning
2024-02-04T16:45:42.468-05:00  INFO 21079 --- [           main] o.s.b.t.m.w.SpringBootMockServletContext : Initializing Spring TestDispatcherServlet ''
2024-02-04T16:45:42.468-05:00  INFO 21079 --- [           main] o.s.t.web.servlet.TestDispatcherServlet  : Initializing Servlet ''
2024-02-04T16:45:42.468-05:00  INFO 21079 --- [           main] o.s.t.web.servlet.TestDispatcherServlet  : Completed initialization in 0 ms
2024-02-04T16:45:42.471-05:00  INFO 21079 --- [           main] d.v.c.PackagesControllerIntegrationTests : Started PackagesControllerIntegrationTests in 0.218 seconds (process running for 52.796)
2024-02-04T16:45:42.485-05:00  INFO 21079 --- [           main] j.LocalContainerEntityManagerFactoryBean : Closing JPA EntityManagerFactory for persistence unit 'default'
2024-02-04T16:45:42.485-05:00  INFO 21079 --- [           main] com.zaxxer.hikari.HikariDataSource       : HikariPool-131 - Shutdown initiated...
2024-02-04T16:45:42.487-05:00  INFO 21079 --- [           main] com.zaxxer.hikari.HikariDataSource       : HikariPool-131 - Shutdown completed.
]]></system-out>
  </testcase>
  <testcase name="testThatCreatePackagesSuccessfullyReturnsSavedPackages" classname="com.dms.variant.controllers.PackagesControllerIntegrationTests" time="0.018">
    <system-out><![CDATA[
  .   ____          _            __ _ _
 /\\ / ___'_ __ _ _(_)_ __  __ _ \ \ \ \
( ( )\___ | '_ | '_| | '_ \/ _` | \ \ \ \
 \\/  ___)| |_)| | | | | || (_| |  ) ) ) )
  '  |____| .__|_| |_|_| |_\__, | / / / /
 =========|_|==============|___/=/_/_/_/
 :: Spring Boot ::                (v3.2.1)

2024-02-04T16:45:42.494-05:00  INFO 21079 --- [           main] d.v.c.PackagesControllerIntegrationTests : Starting PackagesControllerIntegrationTests using Java 17.0.9 with PID 21079 (started by madhav in /home/madhav/Desktop/Variant/backend)
2024-02-04T16:45:42.494-05:00  INFO 21079 --- [           main] d.v.c.PackagesControllerIntegrationTests : No active profile set, falling back to 1 default profile: "default"
2024-02-04T16:45:42.543-05:00  INFO 21079 --- [           main] .s.d.r.c.RepositoryConfigurationDelegate : Bootstrapping Spring Data JPA repositories in DEFAULT mode.
2024-02-04T16:45:42.550-05:00  INFO 21079 --- [           main] .s.d.r.c.RepositoryConfigurationDelegate : Finished Spring Data repository scanning in 6 ms. Found 12 JPA repository interfaces.
2024-02-04T16:45:42.578-05:00  INFO 21079 --- [           main] com.zaxxer.hikari.HikariDataSource       : HikariPool-132 - Starting...
2024-02-04T16:45:42.578-05:00  INFO 21079 --- [           main] com.zaxxer.hikari.pool.HikariPool        : HikariPool-132 - Added connection conn1204: url=jdbc:h2:mem:testdb user=SA
2024-02-04T16:45:42.579-05:00  INFO 21079 --- [           main] com.zaxxer.hikari.HikariDataSource       : HikariPool-132 - Start completed.
2024-02-04T16:45:42.579-05:00  INFO 21079 --- [           main] o.hibernate.jpa.internal.util.LogHelper  : HHH000204: Processing PersistenceUnitInfo [name: default]
2024-02-04T16:45:42.580-05:00  INFO 21079 --- [           main] o.h.c.internal.RegionFactoryInitiator    : HHH000026: Second-level cache disabled
2024-02-04T16:45:42.581-05:00  INFO 21079 --- [           main] o.s.o.j.p.SpringPersistenceUnitInfo      : No LoadTimeWeaver setup: ignoring JPA class transformer
2024-02-04T16:45:42.625-05:00  INFO 21079 --- [           main] o.h.e.t.j.p.i.JtaPlatformInitiator       : HHH000489: No JTA platform available (set 'hibernate.transaction.jta.platform' to enable JTA platform integration)
2024-02-04T16:45:42.626-05:00  INFO 21079 --- [           main] j.LocalContainerEntityManagerFactoryBean : Initialized JPA EntityManagerFactory for persistence unit 'default'
2024-02-04T16:45:42.664-05:00  WARN 21079 --- [           main] JpaBaseConfiguration$JpaWebConfiguration : spring.jpa.open-in-view is enabled by default. Therefore, database queries may be performed during view rendering. Explicitly configure spring.jpa.open-in-view to disable this warning
2024-02-04T16:45:42.696-05:00  INFO 21079 --- [           main] o.s.b.t.m.w.SpringBootMockServletContext : Initializing Spring TestDispatcherServlet ''
2024-02-04T16:45:42.696-05:00  INFO 21079 --- [           main] o.s.t.web.servlet.TestDispatcherServlet  : Initializing Servlet ''
2024-02-04T16:45:42.697-05:00  INFO 21079 --- [           main] o.s.t.web.servlet.TestDispatcherServlet  : Completed initialization in 1 ms
2024-02-04T16:45:42.701-05:00  INFO 21079 --- [           main] d.v.c.PackagesControllerIntegrationTests : Started PackagesControllerIntegrationTests in 0.213 seconds (process running for 53.025)
2024-02-04T16:45:42.710-05:00  INFO 21079 --- [           main] j.LocalContainerEntityManagerFactoryBean : Closing JPA EntityManagerFactory for persistence unit 'default'
2024-02-04T16:45:42.711-05:00  INFO 21079 --- [           main] com.zaxxer.hikari.HikariDataSource       : HikariPool-132 - Shutdown initiated...
2024-02-04T16:45:42.720-05:00  INFO 21079 --- [           main] com.zaxxer.hikari.HikariDataSource       : HikariPool-132 - Shutdown completed.
]]></system-out>
  </testcase>
  <testcase name="testThatGetPackagesReturnsHttpStatus404WhenNoPackagesExists" classname="com.dms.variant.controllers.PackagesControllerIntegrationTests" time="0.007">
    <system-out><![CDATA[
  .   ____          _            __ _ _
 /\\ / ___'_ __ _ _(_)_ __  __ _ \ \ \ \
( ( )\___ | '_ | '_| | '_ \/ _` | \ \ \ \
 \\/  ___)| |_)| | | | | || (_| |  ) ) ) )
  '  |____| .__|_| |_|_| |_\__, | / / / /
 =========|_|==============|___/=/_/_/_/
 :: Spring Boot ::                (v3.2.1)

2024-02-04T16:45:42.727-05:00  INFO 21079 --- [           main] d.v.c.PackagesControllerIntegrationTests : Starting PackagesControllerIntegrationTests using Java 17.0.9 with PID 21079 (started by madhav in /home/madhav/Desktop/Variant/backend)
2024-02-04T16:45:42.727-05:00  INFO 21079 --- [           main] d.v.c.PackagesControllerIntegrationTests : No active profile set, falling back to 1 default profile: "default"
2024-02-04T16:45:42.772-05:00  INFO 21079 --- [           main] .s.d.r.c.RepositoryConfigurationDelegate : Bootstrapping Spring Data JPA repositories in DEFAULT mode.
2024-02-04T16:45:42.779-05:00  INFO 21079 --- [           main] .s.d.r.c.RepositoryConfigurationDelegate : Finished Spring Data repository scanning in 6 ms. Found 12 JPA repository interfaces.
2024-02-04T16:45:42.806-05:00  INFO 21079 --- [           main] com.zaxxer.hikari.HikariDataSource       : HikariPool-133 - Starting...
2024-02-04T16:45:42.806-05:00  INFO 21079 --- [           main] com.zaxxer.hikari.pool.HikariPool        : HikariPool-133 - Added connection conn1209: url=jdbc:h2:mem:testdb user=SA
2024-02-04T16:45:42.806-05:00  INFO 21079 --- [           main] com.zaxxer.hikari.HikariDataSource       : HikariPool-133 - Start completed.
2024-02-04T16:45:42.807-05:00  INFO 21079 --- [           main] o.hibernate.jpa.internal.util.LogHelper  : HHH000204: Processing PersistenceUnitInfo [name: default]
2024-02-04T16:45:42.808-05:00  INFO 21079 --- [           main] o.h.c.internal.RegionFactoryInitiator    : HHH000026: Second-level cache disabled
2024-02-04T16:45:42.809-05:00  INFO 21079 --- [           main] o.s.o.j.p.SpringPersistenceUnitInfo      : No LoadTimeWeaver setup: ignoring JPA class transformer
2024-02-04T16:45:42.852-05:00  INFO 21079 --- [           main] o.h.e.t.j.p.i.JtaPlatformInitiator       : HHH000489: No JTA platform available (set 'hibernate.transaction.jta.platform' to enable JTA platform integration)
2024-02-04T16:45:42.854-05:00  INFO 21079 --- [           main] j.LocalContainerEntityManagerFactoryBean : Initialized JPA EntityManagerFactory for persistence unit 'default'
2024-02-04T16:45:42.894-05:00  WARN 21079 --- [           main] JpaBaseConfiguration$JpaWebConfiguration : spring.jpa.open-in-view is enabled by default. Therefore, database queries may be performed during view rendering. Explicitly configure spring.jpa.open-in-view to disable this warning
2024-02-04T16:45:42.926-05:00  INFO 21079 --- [           main] o.s.b.t.m.w.SpringBootMockServletContext : Initializing Spring TestDispatcherServlet ''
2024-02-04T16:45:42.926-05:00  INFO 21079 --- [           main] o.s.t.web.servlet.TestDispatcherServlet  : Initializing Servlet ''
2024-02-04T16:45:42.927-05:00  INFO 21079 --- [           main] o.s.t.web.servlet.TestDispatcherServlet  : Completed initialization in 1 ms
2024-02-04T16:45:42.930-05:00  INFO 21079 --- [           main] d.v.c.PackagesControllerIntegrationTests : Started PackagesControllerIntegrationTests in 0.209 seconds (process running for 53.255)
2024-02-04T16:45:42.936-05:00  INFO 21079 --- [           main] j.LocalContainerEntityManagerFactoryBean : Closing JPA EntityManagerFactory for persistence unit 'default'
2024-02-04T16:45:42.937-05:00  INFO 21079 --- [           main] com.zaxxer.hikari.HikariDataSource       : HikariPool-133 - Shutdown initiated...
2024-02-04T16:45:42.938-05:00  INFO 21079 --- [           main] com.zaxxer.hikari.HikariDataSource       : HikariPool-133 - Shutdown completed.
]]></system-out>
  </testcase>
  <testcase name="testThatDeletePackagesReturnsHttpStatus204ForNonExistingPackages" classname="com.dms.variant.controllers.PackagesControllerIntegrationTests" time="0.016">
    <system-out><![CDATA[
  .   ____          _            __ _ _
 /\\ / ___'_ __ _ _(_)_ __  __ _ \ \ \ \
( ( )\___ | '_ | '_| | '_ \/ _` | \ \ \ \
 \\/  ___)| |_)| | | | | || (_| |  ) ) ) )
  '  |____| .__|_| |_|_| |_\__, | / / / /
 =========|_|==============|___/=/_/_/_/
 :: Spring Boot ::                (v3.2.1)

2024-02-04T16:45:42.947-05:00  INFO 21079 --- [           main] d.v.c.PackagesControllerIntegrationTests : Starting PackagesControllerIntegrationTests using Java 17.0.9 with PID 21079 (started by madhav in /home/madhav/Desktop/Variant/backend)
2024-02-04T16:45:42.947-05:00  INFO 21079 --- [           main] d.v.c.PackagesControllerIntegrationTests : No active profile set, falling back to 1 default profile: "default"
2024-02-04T16:45:42.998-05:00  INFO 21079 --- [           main] .s.d.r.c.RepositoryConfigurationDelegate : Bootstrapping Spring Data JPA repositories in DEFAULT mode.
2024-02-04T16:45:43.004-05:00  INFO 21079 --- [           main] .s.d.r.c.RepositoryConfigurationDelegate : Finished Spring Data repository scanning in 6 ms. Found 12 JPA repository interfaces.
2024-02-04T16:45:43.034-05:00  INFO 21079 --- [           main] com.zaxxer.hikari.HikariDataSource       : HikariPool-134 - Starting...
2024-02-04T16:45:43.035-05:00  INFO 21079 --- [           main] com.zaxxer.hikari.pool.HikariPool        : HikariPool-134 - Added connection conn1213: url=jdbc:h2:mem:testdb user=SA
2024-02-04T16:45:43.035-05:00  INFO 21079 --- [           main] com.zaxxer.hikari.HikariDataSource       : HikariPool-134 - Start completed.
2024-02-04T16:45:43.036-05:00  INFO 21079 --- [           main] o.hibernate.jpa.internal.util.LogHelper  : HHH000204: Processing PersistenceUnitInfo [name: default]
2024-02-04T16:45:43.037-05:00  INFO 21079 --- [           main] o.h.c.internal.RegionFactoryInitiator    : HHH000026: Second-level cache disabled
2024-02-04T16:45:43.038-05:00  INFO 21079 --- [           main] o.s.o.j.p.SpringPersistenceUnitInfo      : No LoadTimeWeaver setup: ignoring JPA class transformer
2024-02-04T16:45:43.094-05:00  INFO 21079 --- [           main] o.h.e.t.j.p.i.JtaPlatformInitiator       : HHH000489: No JTA platform available (set 'hibernate.transaction.jta.platform' to enable JTA platform integration)
2024-02-04T16:45:43.096-05:00  INFO 21079 --- [           main] j.LocalContainerEntityManagerFactoryBean : Initialized JPA EntityManagerFactory for persistence unit 'default'
2024-02-04T16:45:43.145-05:00  WARN 21079 --- [           main] JpaBaseConfiguration$JpaWebConfiguration : spring.jpa.open-in-view is enabled by default. Therefore, database queries may be performed during view rendering. Explicitly configure spring.jpa.open-in-view to disable this warning
2024-02-04T16:45:43.186-05:00  INFO 21079 --- [           main] o.s.b.t.m.w.SpringBootMockServletContext : Initializing Spring TestDispatcherServlet ''
2024-02-04T16:45:43.186-05:00  INFO 21079 --- [           main] o.s.t.web.servlet.TestDispatcherServlet  : Initializing Servlet ''
2024-02-04T16:45:43.186-05:00  INFO 21079 --- [           main] o.s.t.web.servlet.TestDispatcherServlet  : Completed initialization in 0 ms
2024-02-04T16:45:43.191-05:00  INFO 21079 --- [           main] d.v.c.PackagesControllerIntegrationTests : Started PackagesControllerIntegrationTests in 0.252 seconds (process running for 53.516)
2024-02-04T16:45:43.199-05:00  INFO 21079 --- [           main] j.LocalContainerEntityManagerFactoryBean : Closing JPA EntityManagerFactory for persistence unit 'default'
2024-02-04T16:45:43.199-05:00  INFO 21079 --- [           main] com.zaxxer.hikari.HikariDataSource       : HikariPool-134 - Shutdown initiated...
2024-02-04T16:45:43.207-05:00  INFO 21079 --- [           main] com.zaxxer.hikari.HikariDataSource       : HikariPool-134 - Shutdown completed.
]]></system-out>
  </testcase>
  <testcase name="testThatCreatePackagesSuccessfullyReturnsHttp201Created" classname="com.dms.variant.controllers.PackagesControllerIntegrationTests" time="0.01">
    <system-out><![CDATA[
  .   ____          _            __ _ _
 /\\ / ___'_ __ _ _(_)_ __  __ _ \ \ \ \
( ( )\___ | '_ | '_| | '_ \/ _` | \ \ \ \
 \\/  ___)| |_)| | | | | || (_| |  ) ) ) )
  '  |____| .__|_| |_|_| |_\__, | / / / /
 =========|_|==============|___/=/_/_/_/
 :: Spring Boot ::                (v3.2.1)

2024-02-04T16:45:43.215-05:00  INFO 21079 --- [           main] d.v.c.PackagesControllerIntegrationTests : Starting PackagesControllerIntegrationTests using Java 17.0.9 with PID 21079 (started by madhav in /home/madhav/Desktop/Variant/backend)
2024-02-04T16:45:43.215-05:00  INFO 21079 --- [           main] d.v.c.PackagesControllerIntegrationTests : No active profile set, falling back to 1 default profile: "default"
2024-02-04T16:45:43.271-05:00  INFO 21079 --- [           main] .s.d.r.c.RepositoryConfigurationDelegate : Bootstrapping Spring Data JPA repositories in DEFAULT mode.
2024-02-04T16:45:43.279-05:00  INFO 21079 --- [           main] .s.d.r.c.RepositoryConfigurationDelegate : Finished Spring Data repository scanning in 8 ms. Found 12 JPA repository interfaces.
2024-02-04T16:45:43.309-05:00  INFO 21079 --- [           main] com.zaxxer.hikari.HikariDataSource       : HikariPool-135 - Starting...
2024-02-04T16:45:43.310-05:00  INFO 21079 --- [           main] com.zaxxer.hikari.pool.HikariPool        : HikariPool-135 - Added connection conn1221: url=jdbc:h2:mem:testdb user=SA
2024-02-04T16:45:43.310-05:00  INFO 21079 --- [           main] com.zaxxer.hikari.HikariDataSource       : HikariPool-135 - Start completed.
2024-02-04T16:45:43.311-05:00  INFO 21079 --- [           main] o.hibernate.jpa.internal.util.LogHelper  : HHH000204: Processing PersistenceUnitInfo [name: default]
2024-02-04T16:45:43.312-05:00  INFO 21079 --- [           main] o.h.c.internal.RegionFactoryInitiator    : HHH000026: Second-level cache disabled
2024-02-04T16:45:43.313-05:00  INFO 21079 --- [           main] o.s.o.j.p.SpringPersistenceUnitInfo      : No LoadTimeWeaver setup: ignoring JPA class transformer
2024-02-04T16:45:43.360-05:00  INFO 21079 --- [           main] o.h.e.t.j.p.i.JtaPlatformInitiator       : HHH000489: No JTA platform available (set 'hibernate.transaction.jta.platform' to enable JTA platform integration)
2024-02-04T16:45:43.362-05:00  INFO 21079 --- [           main] j.LocalContainerEntityManagerFactoryBean : Initialized JPA EntityManagerFactory for persistence unit 'default'
2024-02-04T16:45:43.410-05:00  WARN 21079 --- [           main] JpaBaseConfiguration$JpaWebConfiguration : spring.jpa.open-in-view is enabled by default. Therefore, database queries may be performed during view rendering. Explicitly configure spring.jpa.open-in-view to disable this warning
2024-02-04T16:45:43.446-05:00  INFO 21079 --- [           main] o.s.b.t.m.w.SpringBootMockServletContext : Initializing Spring TestDispatcherServlet ''
2024-02-04T16:45:43.446-05:00  INFO 21079 --- [           main] o.s.t.web.servlet.TestDispatcherServlet  : Initializing Servlet ''
2024-02-04T16:45:43.447-05:00  INFO 21079 --- [           main] o.s.t.web.servlet.TestDispatcherServlet  : Completed initialization in 1 ms
2024-02-04T16:45:43.451-05:00  INFO 21079 --- [           main] d.v.c.PackagesControllerIntegrationTests : Started PackagesControllerIntegrationTests in 0.242 seconds (process running for 53.776)
2024-02-04T16:45:43.460-05:00  INFO 21079 --- [           main] j.LocalContainerEntityManagerFactoryBean : Closing JPA EntityManagerFactory for persistence unit 'default'
2024-02-04T16:45:43.460-05:00  INFO 21079 --- [           main] com.zaxxer.hikari.HikariDataSource       : HikariPool-135 - Shutdown initiated...
2024-02-04T16:45:43.462-05:00  INFO 21079 --- [           main] com.zaxxer.hikari.HikariDataSource       : HikariPool-135 - Shutdown completed.
]]></system-out>
  </testcase>
  <testcase name="testThatFullUpdatePackagesReturnsHttpStatus404WhenNoPackagesExists" classname="com.dms.variant.controllers.PackagesControllerIntegrationTests" time="0.019">
    <system-out><![CDATA[
  .   ____          _            __ _ _
 /\\ / ___'_ __ _ _(_)_ __  __ _ \ \ \ \
( ( )\___ | '_ | '_| | '_ \/ _` | \ \ \ \
 \\/  ___)| |_)| | | | | || (_| |  ) ) ) )
  '  |____| .__|_| |_|_| |_\__, | / / / /
 =========|_|==============|___/=/_/_/_/
 :: Spring Boot ::                (v3.2.1)

2024-02-04T16:45:43.470-05:00  INFO 21079 --- [           main] d.v.c.PackagesControllerIntegrationTests : Starting PackagesControllerIntegrationTests using Java 17.0.9 with PID 21079 (started by madhav in /home/madhav/Desktop/Variant/backend)
2024-02-04T16:45:43.470-05:00  INFO 21079 --- [           main] d.v.c.PackagesControllerIntegrationTests : No active profile set, falling back to 1 default profile: "default"
2024-02-04T16:45:43.529-05:00  INFO 21079 --- [           main] .s.d.r.c.RepositoryConfigurationDelegate : Bootstrapping Spring Data JPA repositories in DEFAULT mode.
2024-02-04T16:45:43.539-05:00  INFO 21079 --- [           main] .s.d.r.c.RepositoryConfigurationDelegate : Finished Spring Data repository scanning in 9 ms. Found 12 JPA repository interfaces.
2024-02-04T16:45:43.568-05:00  INFO 21079 --- [           main] com.zaxxer.hikari.HikariDataSource       : HikariPool-136 - Starting...
2024-02-04T16:45:43.569-05:00  INFO 21079 --- [           main] com.zaxxer.hikari.pool.HikariPool        : HikariPool-136 - Added connection conn1227: url=jdbc:h2:mem:testdb user=SA
2024-02-04T16:45:43.569-05:00  INFO 21079 --- [           main] com.zaxxer.hikari.HikariDataSource       : HikariPool-136 - Start completed.
2024-02-04T16:45:43.569-05:00  INFO 21079 --- [           main] o.hibernate.jpa.internal.util.LogHelper  : HHH000204: Processing PersistenceUnitInfo [name: default]
2024-02-04T16:45:43.570-05:00  INFO 21079 --- [           main] o.h.c.internal.RegionFactoryInitiator    : HHH000026: Second-level cache disabled
2024-02-04T16:45:43.571-05:00  INFO 21079 --- [           main] o.s.o.j.p.SpringPersistenceUnitInfo      : No LoadTimeWeaver setup: ignoring JPA class transformer
2024-02-04T16:45:43.616-05:00  INFO 21079 --- [           main] o.h.e.t.j.p.i.JtaPlatformInitiator       : HHH000489: No JTA platform available (set 'hibernate.transaction.jta.platform' to enable JTA platform integration)
2024-02-04T16:45:43.618-05:00  INFO 21079 --- [           main] j.LocalContainerEntityManagerFactoryBean : Initialized JPA EntityManagerFactory for persistence unit 'default'
2024-02-04T16:45:43.668-05:00  WARN 21079 --- [           main] JpaBaseConfiguration$JpaWebConfiguration : spring.jpa.open-in-view is enabled by default. Therefore, database queries may be performed during view rendering. Explicitly configure spring.jpa.open-in-view to disable this warning
2024-02-04T16:45:43.707-05:00  INFO 21079 --- [           main] o.s.b.t.m.w.SpringBootMockServletContext : Initializing Spring TestDispatcherServlet ''
2024-02-04T16:45:43.707-05:00  INFO 21079 --- [           main] o.s.t.web.servlet.TestDispatcherServlet  : Initializing Servlet ''
2024-02-04T16:45:43.707-05:00  INFO 21079 --- [           main] o.s.t.web.servlet.TestDispatcherServlet  : Completed initialization in 0 ms
2024-02-04T16:45:43.711-05:00  INFO 21079 --- [           main] d.v.c.PackagesControllerIntegrationTests : Started PackagesControllerIntegrationTests in 0.248 seconds (process running for 54.036)
2024-02-04T16:45:43.720-05:00  INFO 21079 --- [           main] j.LocalContainerEntityManagerFactoryBean : Closing JPA EntityManagerFactory for persistence unit 'default'
2024-02-04T16:45:43.721-05:00  INFO 21079 --- [           main] com.zaxxer.hikari.HikariDataSource       : HikariPool-136 - Shutdown initiated...
2024-02-04T16:45:43.731-05:00  INFO 21079 --- [           main] com.zaxxer.hikari.HikariDataSource       : HikariPool-136 - Shutdown completed.
]]></system-out>
  </testcase>
  <testcase name="testThatListPackagesReturnsListOfPackages" classname="com.dms.variant.controllers.PackagesControllerIntegrationTests" time="0.017">
    <system-out><![CDATA[
  .   ____          _            __ _ _
 /\\ / ___'_ __ _ _(_)_ __  __ _ \ \ \ \
( ( )\___ | '_ | '_| | '_ \/ _` | \ \ \ \
 \\/  ___)| |_)| | | | | || (_| |  ) ) ) )
  '  |____| .__|_| |_|_| |_\__, | / / / /
 =========|_|==============|___/=/_/_/_/
 :: Spring Boot ::                (v3.2.1)

2024-02-04T16:45:43.739-05:00  INFO 21079 --- [           main] d.v.c.PackagesControllerIntegrationTests : Starting PackagesControllerIntegrationTests using Java 17.0.9 with PID 21079 (started by madhav in /home/madhav/Desktop/Variant/backend)
2024-02-04T16:45:43.739-05:00  INFO 21079 --- [           main] d.v.c.PackagesControllerIntegrationTests : No active profile set, falling back to 1 default profile: "default"
2024-02-04T16:45:43.797-05:00  INFO 21079 --- [           main] .s.d.r.c.RepositoryConfigurationDelegate : Bootstrapping Spring Data JPA repositories in DEFAULT mode.
2024-02-04T16:45:43.804-05:00  INFO 21079 --- [           main] .s.d.r.c.RepositoryConfigurationDelegate : Finished Spring Data repository scanning in 6 ms. Found 12 JPA repository interfaces.
2024-02-04T16:45:43.834-05:00  INFO 21079 --- [           main] com.zaxxer.hikari.HikariDataSource       : HikariPool-137 - Starting...
2024-02-04T16:45:43.835-05:00  INFO 21079 --- [           main] com.zaxxer.hikari.pool.HikariPool        : HikariPool-137 - Added connection conn1234: url=jdbc:h2:mem:testdb user=SA
2024-02-04T16:45:43.835-05:00  INFO 21079 --- [           main] com.zaxxer.hikari.HikariDataSource       : HikariPool-137 - Start completed.
2024-02-04T16:45:43.835-05:00  INFO 21079 --- [           main] o.hibernate.jpa.internal.util.LogHelper  : HHH000204: Processing PersistenceUnitInfo [name: default]
2024-02-04T16:45:43.836-05:00  INFO 21079 --- [           main] o.h.c.internal.RegionFactoryInitiator    : HHH000026: Second-level cache disabled
2024-02-04T16:45:43.837-05:00  INFO 21079 --- [           main] o.s.o.j.p.SpringPersistenceUnitInfo      : No LoadTimeWeaver setup: ignoring JPA class transformer
2024-02-04T16:45:43.886-05:00  INFO 21079 --- [           main] o.h.e.t.j.p.i.JtaPlatformInitiator       : HHH000489: No JTA platform available (set 'hibernate.transaction.jta.platform' to enable JTA platform integration)
2024-02-04T16:45:43.888-05:00  INFO 21079 --- [           main] j.LocalContainerEntityManagerFactoryBean : Initialized JPA EntityManagerFactory for persistence unit 'default'
2024-02-04T16:45:43.940-05:00  WARN 21079 --- [           main] JpaBaseConfiguration$JpaWebConfiguration : spring.jpa.open-in-view is enabled by default. Therefore, database queries may be performed during view rendering. Explicitly configure spring.jpa.open-in-view to disable this warning
2024-02-04T16:45:43.984-05:00  INFO 21079 --- [           main] o.s.b.t.m.w.SpringBootMockServletContext : Initializing Spring TestDispatcherServlet ''
2024-02-04T16:45:43.984-05:00  INFO 21079 --- [           main] o.s.t.web.servlet.TestDispatcherServlet  : Initializing Servlet ''
2024-02-04T16:45:43.984-05:00  INFO 21079 --- [           main] o.s.t.web.servlet.TestDispatcherServlet  : Completed initialization in 0 ms
2024-02-04T16:45:43.988-05:00  INFO 21079 --- [           main] d.v.c.PackagesControllerIntegrationTests : Started PackagesControllerIntegrationTests in 0.256 seconds (process running for 54.313)
2024-02-04T16:45:44.000-05:00  INFO 21079 --- [           main] j.LocalContainerEntityManagerFactoryBean : Closing JPA EntityManagerFactory for persistence unit 'default'
2024-02-04T16:45:44.000-05:00  INFO 21079 --- [           main] com.zaxxer.hikari.HikariDataSource       : HikariPool-137 - Shutdown initiated...
2024-02-04T16:45:44.007-05:00  INFO 21079 --- [           main] com.zaxxer.hikari.HikariDataSource       : HikariPool-137 - Shutdown completed.
]]></system-out>
  </testcase>
  <testcase name="testThatDeletePackagesReturnsHttpStatus204ForExistingPackages" classname="com.dms.variant.controllers.PackagesControllerIntegrationTests" time="0.018">
    <system-out><![CDATA[
  .   ____          _            __ _ _
 /\\ / ___'_ __ _ _(_)_ __  __ _ \ \ \ \
( ( )\___ | '_ | '_| | '_ \/ _` | \ \ \ \
 \\/  ___)| |_)| | | | | || (_| |  ) ) ) )
  '  |____| .__|_| |_|_| |_\__, | / / / /
 =========|_|==============|___/=/_/_/_/
 :: Spring Boot ::                (v3.2.1)

2024-02-04T16:45:44.015-05:00  INFO 21079 --- [           main] d.v.c.PackagesControllerIntegrationTests : Starting PackagesControllerIntegrationTests using Java 17.0.9 with PID 21079 (started by madhav in /home/madhav/Desktop/Variant/backend)
2024-02-04T16:45:44.015-05:00  INFO 21079 --- [           main] d.v.c.PackagesControllerIntegrationTests : No active profile set, falling back to 1 default profile: "default"
2024-02-04T16:45:44.069-05:00  INFO 21079 --- [           main] .s.d.r.c.RepositoryConfigurationDelegate : Bootstrapping Spring Data JPA repositories in DEFAULT mode.
2024-02-04T16:45:44.076-05:00  INFO 21079 --- [           main] .s.d.r.c.RepositoryConfigurationDelegate : Finished Spring Data repository scanning in 6 ms. Found 12 JPA repository interfaces.
2024-02-04T16:45:44.104-05:00  INFO 21079 --- [           main] com.zaxxer.hikari.HikariDataSource       : HikariPool-138 - Starting...
2024-02-04T16:45:44.105-05:00  INFO 21079 --- [           main] com.zaxxer.hikari.pool.HikariPool        : HikariPool-138 - Added connection conn1242: url=jdbc:h2:mem:testdb user=SA
2024-02-04T16:45:44.105-05:00  INFO 21079 --- [           main] com.zaxxer.hikari.HikariDataSource       : HikariPool-138 - Start completed.
2024-02-04T16:45:44.105-05:00  INFO 21079 --- [           main] o.hibernate.jpa.internal.util.LogHelper  : HHH000204: Processing PersistenceUnitInfo [name: default]
2024-02-04T16:45:44.106-05:00  INFO 21079 --- [           main] o.h.c.internal.RegionFactoryInitiator    : HHH000026: Second-level cache disabled
2024-02-04T16:45:44.107-05:00  INFO 21079 --- [           main] o.s.o.j.p.SpringPersistenceUnitInfo      : No LoadTimeWeaver setup: ignoring JPA class transformer
2024-02-04T16:45:44.162-05:00  INFO 21079 --- [           main] o.h.e.t.j.p.i.JtaPlatformInitiator       : HHH000489: No JTA platform available (set 'hibernate.transaction.jta.platform' to enable JTA platform integration)
2024-02-04T16:45:44.164-05:00  INFO 21079 --- [           main] j.LocalContainerEntityManagerFactoryBean : Initialized JPA EntityManagerFactory for persistence unit 'default'
2024-02-04T16:45:44.205-05:00  WARN 21079 --- [           main] JpaBaseConfiguration$JpaWebConfiguration : spring.jpa.open-in-view is enabled by default. Therefore, database queries may be performed during view rendering. Explicitly configure spring.jpa.open-in-view to disable this warning
2024-02-04T16:45:44.242-05:00  INFO 21079 --- [           main] o.s.b.t.m.w.SpringBootMockServletContext : Initializing Spring TestDispatcherServlet ''
2024-02-04T16:45:44.242-05:00  INFO 21079 --- [           main] o.s.t.web.servlet.TestDispatcherServlet  : Initializing Servlet ''
2024-02-04T16:45:44.242-05:00  INFO 21079 --- [           main] o.s.t.web.servlet.TestDispatcherServlet  : Completed initialization in 0 ms
2024-02-04T16:45:44.248-05:00  INFO 21079 --- [           main] d.v.c.PackagesControllerIntegrationTests : Started PackagesControllerIntegrationTests in 0.24 seconds (process running for 54.572)
2024-02-04T16:45:44.256-05:00  INFO 21079 --- [           main] j.LocalContainerEntityManagerFactoryBean : Closing JPA EntityManagerFactory for persistence unit 'default'
2024-02-04T16:45:44.257-05:00  INFO 21079 --- [           main] com.zaxxer.hikari.HikariDataSource       : HikariPool-138 - Shutdown initiated...
2024-02-04T16:45:44.267-05:00  INFO 21079 --- [           main] com.zaxxer.hikari.HikariDataSource       : HikariPool-138 - Shutdown completed.
]]></system-out>
  </testcase>
  <testcase name="testThatListPackagesReturnsHttpStatus200" classname="com.dms.variant.controllers.PackagesControllerIntegrationTests" time="0.015">
    <system-out><![CDATA[
  .   ____          _            __ _ _
 /\\ / ___'_ __ _ _(_)_ __  __ _ \ \ \ \
( ( )\___ | '_ | '_| | '_ \/ _` | \ \ \ \
 \\/  ___)| |_)| | | | | || (_| |  ) ) ) )
  '  |____| .__|_| |_|_| |_\__, | / / / /
 =========|_|==============|___/=/_/_/_/
 :: Spring Boot ::                (v3.2.1)

2024-02-04T16:45:44.275-05:00  INFO 21079 --- [           main] d.v.c.PackagesControllerIntegrationTests : Starting PackagesControllerIntegrationTests using Java 17.0.9 with PID 21079 (started by madhav in /home/madhav/Desktop/Variant/backend)
2024-02-04T16:45:44.275-05:00  INFO 21079 --- [           main] d.v.c.PackagesControllerIntegrationTests : No active profile set, falling back to 1 default profile: "default"
2024-02-04T16:45:44.329-05:00  INFO 21079 --- [           main] .s.d.r.c.RepositoryConfigurationDelegate : Bootstrapping Spring Data JPA repositories in DEFAULT mode.
2024-02-04T16:45:44.336-05:00  INFO 21079 --- [           main] .s.d.r.c.RepositoryConfigurationDelegate : Finished Spring Data repository scanning in 6 ms. Found 12 JPA repository interfaces.
2024-02-04T16:45:44.367-05:00  INFO 21079 --- [           main] com.zaxxer.hikari.HikariDataSource       : HikariPool-139 - Starting...
2024-02-04T16:45:44.368-05:00  INFO 21079 --- [           main] com.zaxxer.hikari.pool.HikariPool        : HikariPool-139 - Added connection conn1249: url=jdbc:h2:mem:testdb user=SA
2024-02-04T16:45:44.368-05:00  INFO 21079 --- [           main] com.zaxxer.hikari.HikariDataSource       : HikariPool-139 - Start completed.
2024-02-04T16:45:44.369-05:00  INFO 21079 --- [           main] o.hibernate.jpa.internal.util.LogHelper  : HHH000204: Processing PersistenceUnitInfo [name: default]
2024-02-04T16:45:44.370-05:00  INFO 21079 --- [           main] o.h.c.internal.RegionFactoryInitiator    : HHH000026: Second-level cache disabled
2024-02-04T16:45:44.371-05:00  INFO 21079 --- [           main] o.s.o.j.p.SpringPersistenceUnitInfo      : No LoadTimeWeaver setup: ignoring JPA class transformer
2024-02-04T16:45:44.422-05:00  INFO 21079 --- [           main] o.h.e.t.j.p.i.JtaPlatformInitiator       : HHH000489: No JTA platform available (set 'hibernate.transaction.jta.platform' to enable JTA platform integration)
2024-02-04T16:45:44.424-05:00  INFO 21079 --- [           main] j.LocalContainerEntityManagerFactoryBean : Initialized JPA EntityManagerFactory for persistence unit 'default'
2024-02-04T16:45:44.473-05:00  WARN 21079 --- [           main] JpaBaseConfiguration$JpaWebConfiguration : spring.jpa.open-in-view is enabled by default. Therefore, database queries may be performed during view rendering. Explicitly configure spring.jpa.open-in-view to disable this warning
2024-02-04T16:45:44.510-05:00  INFO 21079 --- [           main] o.s.b.t.m.w.SpringBootMockServletContext : Initializing Spring TestDispatcherServlet ''
2024-02-04T16:45:44.510-05:00  INFO 21079 --- [           main] o.s.t.web.servlet.TestDispatcherServlet  : Initializing Servlet ''
2024-02-04T16:45:44.511-05:00  INFO 21079 --- [           main] o.s.t.web.servlet.TestDispatcherServlet  : Completed initialization in 1 ms
2024-02-04T16:45:44.515-05:00  INFO 21079 --- [           main] d.v.c.PackagesControllerIntegrationTests : Started PackagesControllerIntegrationTests in 0.247 seconds (process running for 54.84)
2024-02-04T16:45:44.523-05:00  INFO 21079 --- [           main] j.LocalContainerEntityManagerFactoryBean : Closing JPA EntityManagerFactory for persistence unit 'default'
2024-02-04T16:45:44.523-05:00  INFO 21079 --- [           main] com.zaxxer.hikari.HikariDataSource       : HikariPool-139 - Shutdown initiated...
2024-02-04T16:45:44.530-05:00  INFO 21079 --- [           main] com.zaxxer.hikari.HikariDataSource       : HikariPool-139 - Shutdown completed.
]]></system-out>
  </testcase>
  <testcase name="testThatGetPackagesReturnsHttpStatus200WhenPackagesExists" classname="com.dms.variant.controllers.PackagesControllerIntegrationTests" time="0.009">
    <system-out><![CDATA[
  .   ____          _            __ _ _
 /\\ / ___'_ __ _ _(_)_ __  __ _ \ \ \ \
( ( )\___ | '_ | '_| | '_ \/ _` | \ \ \ \
 \\/  ___)| |_)| | | | | || (_| |  ) ) ) )
  '  |____| .__|_| |_|_| |_\__, | / / / /
 =========|_|==============|___/=/_/_/_/
 :: Spring Boot ::                (v3.2.1)

2024-02-04T16:45:44.538-05:00  INFO 21079 --- [           main] d.v.c.PackagesControllerIntegrationTests : Starting PackagesControllerIntegrationTests using Java 17.0.9 with PID 21079 (started by madhav in /home/madhav/Desktop/Variant/backend)
2024-02-04T16:45:44.538-05:00  INFO 21079 --- [           main] d.v.c.PackagesControllerIntegrationTests : No active profile set, falling back to 1 default profile: "default"
2024-02-04T16:45:44.591-05:00  INFO 21079 --- [           main] .s.d.r.c.RepositoryConfigurationDelegate : Bootstrapping Spring Data JPA repositories in DEFAULT mode.
2024-02-04T16:45:44.599-05:00  INFO 21079 --- [           main] .s.d.r.c.RepositoryConfigurationDelegate : Finished Spring Data repository scanning in 6 ms. Found 12 JPA repository interfaces.
2024-02-04T16:45:44.628-05:00  INFO 21079 --- [           main] com.zaxxer.hikari.HikariDataSource       : HikariPool-140 - Starting...
2024-02-04T16:45:44.629-05:00  INFO 21079 --- [           main] com.zaxxer.hikari.pool.HikariPool        : HikariPool-140 - Added connection conn1256: url=jdbc:h2:mem:testdb user=SA
2024-02-04T16:45:44.629-05:00  INFO 21079 --- [           main] com.zaxxer.hikari.HikariDataSource       : HikariPool-140 - Start completed.
2024-02-04T16:45:44.630-05:00  INFO 21079 --- [           main] o.hibernate.jpa.internal.util.LogHelper  : HHH000204: Processing PersistenceUnitInfo [name: default]
2024-02-04T16:45:44.630-05:00  INFO 21079 --- [           main] o.h.c.internal.RegionFactoryInitiator    : HHH000026: Second-level cache disabled
2024-02-04T16:45:44.632-05:00  INFO 21079 --- [           main] o.s.o.j.p.SpringPersistenceUnitInfo      : No LoadTimeWeaver setup: ignoring JPA class transformer
2024-02-04T16:45:44.685-05:00  INFO 21079 --- [           main] o.h.e.t.j.p.i.JtaPlatformInitiator       : HHH000489: No JTA platform available (set 'hibernate.transaction.jta.platform' to enable JTA platform integration)
2024-02-04T16:45:44.687-05:00  INFO 21079 --- [           main] j.LocalContainerEntityManagerFactoryBean : Initialized JPA EntityManagerFactory for persistence unit 'default'
2024-02-04T16:45:44.731-05:00  WARN 21079 --- [           main] JpaBaseConfiguration$JpaWebConfiguration : spring.jpa.open-in-view is enabled by default. Therefore, database queries may be performed during view rendering. Explicitly configure spring.jpa.open-in-view to disable this warning
2024-02-04T16:45:44.767-05:00  INFO 21079 --- [           main] o.s.b.t.m.w.SpringBootMockServletContext : Initializing Spring TestDispatcherServlet ''
2024-02-04T16:45:44.767-05:00  INFO 21079 --- [           main] o.s.t.web.servlet.TestDispatcherServlet  : Initializing Servlet ''
2024-02-04T16:45:44.767-05:00  INFO 21079 --- [           main] o.s.t.web.servlet.TestDispatcherServlet  : Completed initialization in 0 ms
2024-02-04T16:45:44.771-05:00  INFO 21079 --- [           main] d.v.c.PackagesControllerIntegrationTests : Started PackagesControllerIntegrationTests in 0.24 seconds (process running for 55.096)
2024-02-04T16:45:44.779-05:00  INFO 21079 --- [           main] j.LocalContainerEntityManagerFactoryBean : Closing JPA EntityManagerFactory for persistence unit 'default'
2024-02-04T16:45:44.779-05:00  INFO 21079 --- [           main] com.zaxxer.hikari.HikariDataSource       : HikariPool-140 - Shutdown initiated...
2024-02-04T16:45:44.781-05:00  INFO 21079 --- [           main] com.zaxxer.hikari.HikariDataSource       : HikariPool-140 - Shutdown completed.
]]></system-out>
  </testcase>
  <testcase name="testThatFullUpdateUpdatesExistingPackages" classname="com.dms.variant.controllers.PackagesControllerIntegrationTests" time="0.017">
    <system-out><![CDATA[
  .   ____          _            __ _ _
 /\\ / ___'_ __ _ _(_)_ __  __ _ \ \ \ \
( ( )\___ | '_ | '_| | '_ \/ _` | \ \ \ \
 \\/  ___)| |_)| | | | | || (_| |  ) ) ) )
  '  |____| .__|_| |_|_| |_\__, | / / / /
 =========|_|==============|___/=/_/_/_/
 :: Spring Boot ::                (v3.2.1)

2024-02-04T16:45:44.788-05:00  INFO 21079 --- [           main] d.v.c.PackagesControllerIntegrationTests : Starting PackagesControllerIntegrationTests using Java 17.0.9 with PID 21079 (started by madhav in /home/madhav/Desktop/Variant/backend)
2024-02-04T16:45:44.788-05:00  INFO 21079 --- [           main] d.v.c.PackagesControllerIntegrationTests : No active profile set, falling back to 1 default profile: "default"
2024-02-04T16:45:44.842-05:00  INFO 21079 --- [           main] .s.d.r.c.RepositoryConfigurationDelegate : Bootstrapping Spring Data JPA repositories in DEFAULT mode.
2024-02-04T16:45:44.849-05:00  INFO 21079 --- [           main] .s.d.r.c.RepositoryConfigurationDelegate : Finished Spring Data repository scanning in 6 ms. Found 12 JPA repository interfaces.
2024-02-04T16:45:44.879-05:00  INFO 21079 --- [           main] com.zaxxer.hikari.HikariDataSource       : HikariPool-141 - Starting...
2024-02-04T16:45:44.880-05:00  INFO 21079 --- [           main] com.zaxxer.hikari.pool.HikariPool        : HikariPool-141 - Added connection conn1262: url=jdbc:h2:mem:testdb user=SA
2024-02-04T16:45:44.880-05:00  INFO 21079 --- [           main] com.zaxxer.hikari.HikariDataSource       : HikariPool-141 - Start completed.
2024-02-04T16:45:44.881-05:00  INFO 21079 --- [           main] o.hibernate.jpa.internal.util.LogHelper  : HHH000204: Processing PersistenceUnitInfo [name: default]
2024-02-04T16:45:44.882-05:00  INFO 21079 --- [           main] o.h.c.internal.RegionFactoryInitiator    : HHH000026: Second-level cache disabled
2024-02-04T16:45:44.883-05:00  INFO 21079 --- [           main] o.s.o.j.p.SpringPersistenceUnitInfo      : No LoadTimeWeaver setup: ignoring JPA class transformer
2024-02-04T16:45:44.933-05:00  INFO 21079 --- [           main] o.h.e.t.j.p.i.JtaPlatformInitiator       : HHH000489: No JTA platform available (set 'hibernate.transaction.jta.platform' to enable JTA platform integration)
2024-02-04T16:45:44.935-05:00  INFO 21079 --- [           main] j.LocalContainerEntityManagerFactoryBean : Initialized JPA EntityManagerFactory for persistence unit 'default'
2024-02-04T16:45:44.984-05:00  WARN 21079 --- [           main] JpaBaseConfiguration$JpaWebConfiguration : spring.jpa.open-in-view is enabled by default. Therefore, database queries may be performed during view rendering. Explicitly configure spring.jpa.open-in-view to disable this warning
2024-02-04T16:45:45.019-05:00  INFO 21079 --- [           main] o.s.b.t.m.w.SpringBootMockServletContext : Initializing Spring TestDispatcherServlet ''
2024-02-04T16:45:45.019-05:00  INFO 21079 --- [           main] o.s.t.web.servlet.TestDispatcherServlet  : Initializing Servlet ''
2024-02-04T16:45:45.020-05:00  INFO 21079 --- [           main] o.s.t.web.servlet.TestDispatcherServlet  : Completed initialization in 1 ms
2024-02-04T16:45:45.024-05:00  INFO 21079 --- [           main] d.v.c.PackagesControllerIntegrationTests : Started PackagesControllerIntegrationTests in 0.241 seconds (process running for 55.348)
2024-02-04T16:45:45.035-05:00  INFO 21079 --- [           main] j.LocalContainerEntityManagerFactoryBean : Closing JPA EntityManagerFactory for persistence unit 'default'
2024-02-04T16:45:45.035-05:00  INFO 21079 --- [           main] com.zaxxer.hikari.HikariDataSource       : HikariPool-141 - Shutdown initiated...
2024-02-04T16:45:45.042-05:00  INFO 21079 --- [           main] com.zaxxer.hikari.HikariDataSource       : HikariPool-141 - Shutdown completed.
]]></system-out>
  </testcase>
  <testcase name="testThatFullUpdatePackagesReturnsHttpStatus200WhenPackagesExists" classname="com.dms.variant.controllers.PackagesControllerIntegrationTests" time="0.016">
    <system-out><![CDATA[
  .   ____          _            __ _ _
 /\\ / ___'_ __ _ _(_)_ __  __ _ \ \ \ \
( ( )\___ | '_ | '_| | '_ \/ _` | \ \ \ \
 \\/  ___)| |_)| | | | | || (_| |  ) ) ) )
  '  |____| .__|_| |_|_| |_\__, | / / / /
 =========|_|==============|___/=/_/_/_/
 :: Spring Boot ::                (v3.2.1)

2024-02-04T16:45:45.049-05:00  INFO 21079 --- [           main] d.v.c.PackagesControllerIntegrationTests : Starting PackagesControllerIntegrationTests using Java 17.0.9 with PID 21079 (started by madhav in /home/madhav/Desktop/Variant/backend)
2024-02-04T16:45:45.049-05:00  INFO 21079 --- [           main] d.v.c.PackagesControllerIntegrationTests : No active profile set, falling back to 1 default profile: "default"
2024-02-04T16:45:45.101-05:00  INFO 21079 --- [           main] .s.d.r.c.RepositoryConfigurationDelegate : Bootstrapping Spring Data JPA repositories in DEFAULT mode.
2024-02-04T16:45:45.108-05:00  INFO 21079 --- [           main] .s.d.r.c.RepositoryConfigurationDelegate : Finished Spring Data repository scanning in 6 ms. Found 12 JPA repository interfaces.
2024-02-04T16:45:45.140-05:00  INFO 21079 --- [           main] com.zaxxer.hikari.HikariDataSource       : HikariPool-142 - Starting...
2024-02-04T16:45:45.140-05:00  INFO 21079 --- [           main] com.zaxxer.hikari.pool.HikariPool        : HikariPool-142 - Added connection conn1269: url=jdbc:h2:mem:testdb user=SA
2024-02-04T16:45:45.140-05:00  INFO 21079 --- [           main] com.zaxxer.hikari.HikariDataSource       : HikariPool-142 - Start completed.
2024-02-04T16:45:45.141-05:00  INFO 21079 --- [           main] o.hibernate.jpa.internal.util.LogHelper  : HHH000204: Processing PersistenceUnitInfo [name: default]
2024-02-04T16:45:45.142-05:00  INFO 21079 --- [           main] o.h.c.internal.RegionFactoryInitiator    : HHH000026: Second-level cache disabled
2024-02-04T16:45:45.143-05:00  INFO 21079 --- [           main] o.s.o.j.p.SpringPersistenceUnitInfo      : No LoadTimeWeaver setup: ignoring JPA class transformer
2024-02-04T16:45:45.192-05:00  INFO 21079 --- [           main] o.h.e.t.j.p.i.JtaPlatformInitiator       : HHH000489: No JTA platform available (set 'hibernate.transaction.jta.platform' to enable JTA platform integration)
2024-02-04T16:45:45.193-05:00  INFO 21079 --- [           main] j.LocalContainerEntityManagerFactoryBean : Initialized JPA EntityManagerFactory for persistence unit 'default'
2024-02-04T16:45:45.245-05:00  WARN 21079 --- [           main] JpaBaseConfiguration$JpaWebConfiguration : spring.jpa.open-in-view is enabled by default. Therefore, database queries may be performed during view rendering. Explicitly configure spring.jpa.open-in-view to disable this warning
2024-02-04T16:45:45.281-05:00  INFO 21079 --- [           main] o.s.b.t.m.w.SpringBootMockServletContext : Initializing Spring TestDispatcherServlet ''
2024-02-04T16:45:45.281-05:00  INFO 21079 --- [           main] o.s.t.web.servlet.TestDispatcherServlet  : Initializing Servlet ''
2024-02-04T16:45:45.282-05:00  INFO 21079 --- [           main] o.s.t.web.servlet.TestDispatcherServlet  : Completed initialization in 1 ms
2024-02-04T16:45:45.285-05:00  INFO 21079 --- [           main] d.v.c.PackagesControllerIntegrationTests : Started PackagesControllerIntegrationTests in 0.242 seconds (process running for 55.61)
2024-02-04T16:45:45.297-05:00  INFO 21079 --- [           main] j.LocalContainerEntityManagerFactoryBean : Closing JPA EntityManagerFactory for persistence unit 'default'
2024-02-04T16:45:45.297-05:00  INFO 21079 --- [           main] com.zaxxer.hikari.HikariDataSource       : HikariPool-142 - Shutdown initiated...
2024-02-04T16:45:45.302-05:00  INFO 21079 --- [           main] com.zaxxer.hikari.HikariDataSource       : HikariPool-142 - Shutdown completed.
]]></system-out>
  </testcase>
  <testcase name="testThatGetPackagesReturnsPackagesWhenPackagesExists" classname="com.dms.variant.controllers.PackagesControllerIntegrationTests" time="0.019">
    <system-out><![CDATA[
  .   ____          _            __ _ _
 /\\ / ___'_ __ _ _(_)_ __  __ _ \ \ \ \
( ( )\___ | '_ | '_| | '_ \/ _` | \ \ \ \
 \\/  ___)| |_)| | | | | || (_| |  ) ) ) )
  '  |____| .__|_| |_|_| |_\__, | / / / /
 =========|_|==============|___/=/_/_/_/
 :: Spring Boot ::                (v3.2.1)

2024-02-04T16:45:45.310-05:00  INFO 21079 --- [           main] d.v.c.PackagesControllerIntegrationTests : Starting PackagesControllerIntegrationTests using Java 17.0.9 with PID 21079 (started by madhav in /home/madhav/Desktop/Variant/backend)
2024-02-04T16:45:45.311-05:00  INFO 21079 --- [           main] d.v.c.PackagesControllerIntegrationTests : No active profile set, falling back to 1 default profile: "default"
2024-02-04T16:45:45.366-05:00  INFO 21079 --- [           main] .s.d.r.c.RepositoryConfigurationDelegate : Bootstrapping Spring Data JPA repositories in DEFAULT mode.
2024-02-04T16:45:45.374-05:00  INFO 21079 --- [           main] .s.d.r.c.RepositoryConfigurationDelegate : Finished Spring Data repository scanning in 7 ms. Found 12 JPA repository interfaces.
2024-02-04T16:45:45.406-05:00  INFO 21079 --- [           main] com.zaxxer.hikari.HikariDataSource       : HikariPool-143 - Starting...
2024-02-04T16:45:45.406-05:00  INFO 21079 --- [           main] com.zaxxer.hikari.pool.HikariPool        : HikariPool-143 - Added connection conn1276: url=jdbc:h2:mem:testdb user=SA
2024-02-04T16:45:45.406-05:00  INFO 21079 --- [           main] com.zaxxer.hikari.HikariDataSource       : HikariPool-143 - Start completed.
2024-02-04T16:45:45.407-05:00  INFO 21079 --- [           main] o.hibernate.jpa.internal.util.LogHelper  : HHH000204: Processing PersistenceUnitInfo [name: default]
2024-02-04T16:45:45.408-05:00  INFO 21079 --- [           main] o.h.c.internal.RegionFactoryInitiator    : HHH000026: Second-level cache disabled
2024-02-04T16:45:45.409-05:00  INFO 21079 --- [           main] o.s.o.j.p.SpringPersistenceUnitInfo      : No LoadTimeWeaver setup: ignoring JPA class transformer
2024-02-04T16:45:45.463-05:00  INFO 21079 --- [           main] o.h.e.t.j.p.i.JtaPlatformInitiator       : HHH000489: No JTA platform available (set 'hibernate.transaction.jta.platform' to enable JTA platform integration)
2024-02-04T16:45:45.465-05:00  INFO 21079 --- [           main] j.LocalContainerEntityManagerFactoryBean : Initialized JPA EntityManagerFactory for persistence unit 'default'
2024-02-04T16:45:45.508-05:00  WARN 21079 --- [           main] JpaBaseConfiguration$JpaWebConfiguration : spring.jpa.open-in-view is enabled by default. Therefore, database queries may be performed during view rendering. Explicitly configure spring.jpa.open-in-view to disable this warning
2024-02-04T16:45:45.545-05:00  INFO 21079 --- [           main] o.s.b.t.m.w.SpringBootMockServletContext : Initializing Spring TestDispatcherServlet ''
2024-02-04T16:45:45.545-05:00  INFO 21079 --- [           main] o.s.t.web.servlet.TestDispatcherServlet  : Initializing Servlet ''
2024-02-04T16:45:45.545-05:00  INFO 21079 --- [           main] o.s.t.web.servlet.TestDispatcherServlet  : Completed initialization in 0 ms
2024-02-04T16:45:45.549-05:00  INFO 21079 --- [           main] d.v.c.PackagesControllerIntegrationTests : Started PackagesControllerIntegrationTests in 0.245 seconds (process running for 55.874)
2024-02-04T16:45:45.557-05:00  INFO 21079 --- [           main] j.LocalContainerEntityManagerFactoryBean : Closing JPA EntityManagerFactory for persistence unit 'default'
2024-02-04T16:45:45.558-05:00  INFO 21079 --- [           main] com.zaxxer.hikari.HikariDataSource       : HikariPool-143 - Shutdown initiated...
2024-02-04T16:45:45.568-05:00  INFO 21079 --- [           main] com.zaxxer.hikari.HikariDataSource       : HikariPool-143 - Shutdown completed.
]]></system-out>
  </testcase>
  <testcase name="testThatPartialUpdatePackagesReturnsHttpStatus200WhenPackagesExists" classname="com.dms.variant.controllers.PackagesControllerIntegrationTests" time="0.019">
    <system-out><![CDATA[
  .   ____          _            __ _ _
 /\\ / ___'_ __ _ _(_)_ __  __ _ \ \ \ \
( ( )\___ | '_ | '_| | '_ \/ _` | \ \ \ \
 \\/  ___)| |_)| | | | | || (_| |  ) ) ) )
  '  |____| .__|_| |_|_| |_\__, | / / / /
 =========|_|==============|___/=/_/_/_/
 :: Spring Boot ::                (v3.2.1)

2024-02-04T16:45:45.577-05:00  INFO 21079 --- [           main] d.v.c.PackagesControllerIntegrationTests : Starting PackagesControllerIntegrationTests using Java 17.0.9 with PID 21079 (started by madhav in /home/madhav/Desktop/Variant/backend)
2024-02-04T16:45:45.577-05:00  INFO 21079 --- [           main] d.v.c.PackagesControllerIntegrationTests : No active profile set, falling back to 1 default profile: "default"
2024-02-04T16:45:45.630-05:00  INFO 21079 --- [           main] .s.d.r.c.RepositoryConfigurationDelegate : Bootstrapping Spring Data JPA repositories in DEFAULT mode.
2024-02-04T16:45:45.638-05:00  INFO 21079 --- [           main] .s.d.r.c.RepositoryConfigurationDelegate : Finished Spring Data repository scanning in 7 ms. Found 12 JPA repository interfaces.
2024-02-04T16:45:45.669-05:00  INFO 21079 --- [           main] com.zaxxer.hikari.HikariDataSource       : HikariPool-144 - Starting...
2024-02-04T16:45:45.670-05:00  INFO 21079 --- [           main] com.zaxxer.hikari.pool.HikariPool        : HikariPool-144 - Added connection conn1283: url=jdbc:h2:mem:testdb user=SA
2024-02-04T16:45:45.670-05:00  INFO 21079 --- [           main] com.zaxxer.hikari.HikariDataSource       : HikariPool-144 - Start completed.
2024-02-04T16:45:45.670-05:00  INFO 21079 --- [           main] o.hibernate.jpa.internal.util.LogHelper  : HHH000204: Processing PersistenceUnitInfo [name: default]
2024-02-04T16:45:45.671-05:00  INFO 21079 --- [           main] o.h.c.internal.RegionFactoryInitiator    : HHH000026: Second-level cache disabled
2024-02-04T16:45:45.673-05:00  INFO 21079 --- [           main] o.s.o.j.p.SpringPersistenceUnitInfo      : No LoadTimeWeaver setup: ignoring JPA class transformer
2024-02-04T16:45:45.721-05:00  INFO 21079 --- [           main] o.h.e.t.j.p.i.JtaPlatformInitiator       : HHH000489: No JTA platform available (set 'hibernate.transaction.jta.platform' to enable JTA platform integration)
2024-02-04T16:45:45.722-05:00  INFO 21079 --- [           main] j.LocalContainerEntityManagerFactoryBean : Initialized JPA EntityManagerFactory for persistence unit 'default'
2024-02-04T16:45:45.770-05:00  WARN 21079 --- [           main] JpaBaseConfiguration$JpaWebConfiguration : spring.jpa.open-in-view is enabled by default. Therefore, database queries may be performed during view rendering. Explicitly configure spring.jpa.open-in-view to disable this warning
2024-02-04T16:45:45.810-05:00  INFO 21079 --- [           main] o.s.b.t.m.w.SpringBootMockServletContext : Initializing Spring TestDispatcherServlet ''
2024-02-04T16:45:45.810-05:00  INFO 21079 --- [           main] o.s.t.web.servlet.TestDispatcherServlet  : Initializing Servlet ''
2024-02-04T16:45:45.810-05:00  INFO 21079 --- [           main] o.s.t.web.servlet.TestDispatcherServlet  : Completed initialization in 0 ms
2024-02-04T16:45:45.814-05:00  INFO 21079 --- [           main] d.v.c.PackagesControllerIntegrationTests : Started PackagesControllerIntegrationTests in 0.243 seconds (process running for 56.138)
2024-02-04T16:45:45.827-05:00  INFO 21079 --- [           main] j.LocalContainerEntityManagerFactoryBean : Closing JPA EntityManagerFactory for persistence unit 'default'
2024-02-04T16:45:45.828-05:00  INFO 21079 --- [           main] com.zaxxer.hikari.HikariDataSource       : HikariPool-144 - Shutdown initiated...
2024-02-04T16:45:45.834-05:00  INFO 21079 --- [           main] com.zaxxer.hikari.HikariDataSource       : HikariPool-144 - Shutdown completed.
]]></system-out>
  </testcase>
</testsuite>