<?xml version="1.0" encoding="UTF-8"?>
<testsuite xmlns:xsi="http://www.w3.org/2001/XMLSchema-instance" xsi:noNamespaceSchemaLocation="https://maven.apache.org/surefire/maven-surefire-plugin/xsd/surefire-test-report-3.0.xsd" version="3.0" name="com.dms.variant.controllers.ServicesControllerIntegrationTests" time="4.339" tests="14" errors="0" skipped="0" failures="0">
  <properties>
    <property name="java.specification.version" value="17"/>
    <property name="sun.jnu.encoding" value="UTF-8"/>
    <property name="java.class.path" value="/home/madhav/Desktop/Variant/backend/target/test-classes:/home/madhav/Desktop/Variant/backend/target/classes:/home/madhav/.m2/repository/org/springframework/boot/spring-boot-starter-web/3.2.1/spring-boot-starter-web-3.2.1.jar:/home/madhav/.m2/repository/org/springframework/boot/spring-boot-starter/3.2.1/spring-boot-starter-3.2.1.jar:/home/madhav/.m2/repository/org/springframework/boot/spring-boot/3.2.1/spring-boot-3.2.1.jar:/home/madhav/.m2/repository/org/springframework/boot/spring-boot-autoconfigure/3.2.1/spring-boot-autoconfigure-3.2.1.jar:/home/madhav/.m2/repository/org/springframework/boot/spring-boot-starter-logging/3.2.1/spring-boot-starter-logging-3.2.1.jar:/home/madhav/.m2/repository/ch/qos/logback/logback-classic/1.4.14/logback-classic-1.4.14.jar:/home/madhav/.m2/repository/ch/qos/logback/logback-core/1.4.14/logback-core-1.4.14.jar:/home/madhav/.m2/repository/org/apache/logging/log4j/log4j-to-slf4j/2.21.1/log4j-to-slf4j-2.21.1.jar:/home/madhav/.m2/repository/org/apache/logging/log4j/log4j-api/2.21.1/log4j-api-2.21.1.jar:/home/madhav/.m2/repository/org/slf4j/jul-to-slf4j/2.0.9/jul-to-slf4j-2.0.9.jar:/home/madhav/.m2/repository/jakarta/annotation/jakarta.annotation-api/2.1.1/jakarta.annotation-api-2.1.1.jar:/home/madhav/.m2/repository/org/yaml/snakeyaml/2.2/snakeyaml-2.2.jar:/home/madhav/.m2/repository/org/springframework/boot/spring-boot-starter-json/3.2.1/spring-boot-starter-json-3.2.1.jar:/home/madhav/.m2/repository/com/fasterxml/jackson/core/jackson-databind/2.15.3/jackson-databind-2.15.3.jar:/home/madhav/.m2/repository/com/fasterxml/jackson/core/jackson-annotations/2.15.3/jackson-annotations-2.15.3.jar:/home/madhav/.m2/repository/com/fasterxml/jackson/core/jackson-core/2.15.3/jackson-core-2.15.3.jar:/home/madhav/.m2/repository/com/fasterxml/jackson/datatype/jackson-datatype-jdk8/2.15.3/jackson-datatype-jdk8-2.15.3.jar:/home/madhav/.m2/repository/com/fasterxml/jackson/datatype/jackson-datatype-jsr310/2.15.3/jackson-datatype-jsr310-2.15.3.jar:/home/madhav/.m2/repository/com/fasterxml/jackson/module/jackson-module-parameter-names/2.15.3/jackson-module-parameter-names-2.15.3.jar:/home/madhav/.m2/repository/org/springframework/boot/spring-boot-starter-tomcat/3.2.1/spring-boot-starter-tomcat-3.2.1.jar:/home/madhav/.m2/repository/org/apache/tomcat/embed/tomcat-embed-core/10.1.17/tomcat-embed-core-10.1.17.jar:/home/madhav/.m2/repository/org/apache/tomcat/embed/tomcat-embed-el/10.1.17/tomcat-embed-el-10.1.17.jar:/home/madhav/.m2/repository/org/apache/tomcat/embed/tomcat-embed-websocket/10.1.17/tomcat-embed-websocket-10.1.17.jar:/home/madhav/.m2/repository/org/springframework/spring-webmvc/6.1.2/spring-webmvc-6.1.2.jar:/home/madhav/.m2/repository/org/springframework/spring-aop/6.1.2/spring-aop-6.1.2.jar:/home/madhav/.m2/repository/org/springframework/spring-context/6.1.2/spring-context-6.1.2.jar:/home/madhav/.m2/repository/org/springframework/spring-expression/6.1.2/spring-expression-6.1.2.jar:/home/madhav/.m2/repository/org/springframework/boot/spring-boot-starter-data-jpa/3.2.1/spring-boot-starter-data-jpa-3.2.1.jar:/home/madhav/.m2/repository/org/springframework/boot/spring-boot-starter-aop/3.2.1/spring-boot-starter-aop-3.2.1.jar:/home/madhav/.m2/repository/org/aspectj/aspectjweaver/1.9.21/aspectjweaver-1.9.21.jar:/home/madhav/.m2/repository/org/springframework/boot/spring-boot-starter-jdbc/3.2.1/spring-boot-starter-jdbc-3.2.1.jar:/home/madhav/.m2/repository/com/zaxxer/HikariCP/5.0.1/HikariCP-5.0.1.jar:/home/madhav/.m2/repository/org/springframework/spring-jdbc/6.1.2/spring-jdbc-6.1.2.jar:/home/madhav/.m2/repository/org/hibernate/orm/hibernate-core/6.4.1.Final/hibernate-core-6.4.1.Final.jar:/home/madhav/.m2/repository/jakarta/persistence/jakarta.persistence-api/3.1.0/jakarta.persistence-api-3.1.0.jar:/home/madhav/.m2/repository/jakarta/transaction/jakarta.transaction-api/2.0.1/jakarta.transaction-api-2.0.1.jar:/home/madhav/.m2/repository/org/jboss/logging/jboss-logging/3.5.3.Final/jboss-logging-3.5.3.Final.jar:/home/madhav/.m2/repository/org/hibernate/common/hibernate-commons-annotations/6.0.6.Final/hibernate-commons-annotations-6.0.6.Final.jar:/home/madhav/.m2/repository/io/smallrye/jandex/3.1.2/jandex-3.1.2.jar:/home/madhav/.m2/repository/com/fasterxml/classmate/1.6.0/classmate-1.6.0.jar:/home/madhav/.m2/repository/net/bytebuddy/byte-buddy/1.14.10/byte-buddy-1.14.10.jar:/home/madhav/.m2/repository/org/glassfish/jaxb/jaxb-runtime/4.0.4/jaxb-runtime-4.0.4.jar:/home/madhav/.m2/repository/org/glassfish/jaxb/jaxb-core/4.0.4/jaxb-core-4.0.4.jar:/home/madhav/.m2/repository/org/eclipse/angus/angus-activation/2.0.1/angus-activation-2.0.1.jar:/home/madhav/.m2/repository/org/glassfish/jaxb/txw2/4.0.4/txw2-4.0.4.jar:/home/madhav/.m2/repository/com/sun/istack/istack-commons-runtime/4.1.2/istack-commons-runtime-4.1.2.jar:/home/madhav/.m2/repository/jakarta/inject/jakarta.inject-api/2.0.1/jakarta.inject-api-2.0.1.jar:/home/madhav/.m2/repository/org/antlr/antlr4-runtime/4.13.0/antlr4-runtime-4.13.0.jar:/home/madhav/.m2/repository/org/springframework/data/spring-data-jpa/3.2.1/spring-data-jpa-3.2.1.jar:/home/madhav/.m2/repository/org/springframework/data/spring-data-commons/3.2.1/spring-data-commons-3.2.1.jar:/home/madhav/.m2/repository/org/springframework/spring-orm/6.1.2/spring-orm-6.1.2.jar:/home/madhav/.m2/repository/org/springframework/spring-tx/6.1.2/spring-tx-6.1.2.jar:/home/madhav/.m2/repository/org/slf4j/slf4j-api/2.0.9/slf4j-api-2.0.9.jar:/home/madhav/.m2/repository/org/springframework/spring-aspects/6.1.2/spring-aspects-6.1.2.jar:/home/madhav/.m2/repository/org/postgresql/postgresql/42.6.0/postgresql-42.6.0.jar:/home/madhav/.m2/repository/org/checkerframework/checker-qual/3.31.0/checker-qual-3.31.0.jar:/home/madhav/.m2/repository/org/projectlombok/lombok/1.18.30/lombok-1.18.30.jar:/home/madhav/.m2/repository/org/springframework/boot/spring-boot-starter-test/3.2.1/spring-boot-starter-test-3.2.1.jar:/home/madhav/.m2/repository/org/springframework/boot/spring-boot-test/3.2.1/spring-boot-test-3.2.1.jar:/home/madhav/.m2/repository/org/springframework/boot/spring-boot-test-autoconfigure/3.2.1/spring-boot-test-autoconfigure-3.2.1.jar:/home/madhav/.m2/repository/com/jayway/jsonpath/json-path/2.8.0/json-path-2.8.0.jar:/home/madhav/.m2/repository/jakarta/xml/bind/jakarta.xml.bind-api/4.0.1/jakarta.xml.bind-api-4.0.1.jar:/home/madhav/.m2/repository/jakarta/activation/jakarta.activation-api/2.1.2/jakarta.activation-api-2.1.2.jar:/home/madhav/.m2/repository/net/minidev/json-smart/2.5.0/json-smart-2.5.0.jar:/home/madhav/.m2/repository/net/minidev/accessors-smart/2.5.0/accessors-smart-2.5.0.jar:/home/madhav/.m2/repository/org/ow2/asm/asm/9.3/asm-9.3.jar:/home/madhav/.m2/repository/org/awaitility/awaitility/4.2.0/awaitility-4.2.0.jar:/home/madhav/.m2/repository/org/hamcrest/hamcrest/2.2/hamcrest-2.2.jar:/home/madhav/.m2/repository/org/junit/jupiter/junit-jupiter/5.10.1/junit-jupiter-5.10.1.jar:/home/madhav/.m2/repository/org/junit/jupiter/junit-jupiter-api/5.10.1/junit-jupiter-api-5.10.1.jar:/home/madhav/.m2/repository/org/opentest4j/opentest4j/1.3.0/opentest4j-1.3.0.jar:/home/madhav/.m2/repository/org/junit/platform/junit-platform-commons/1.10.1/junit-platform-commons-1.10.1.jar:/home/madhav/.m2/repository/org/apiguardian/apiguardian-api/1.1.2/apiguardian-api-1.1.2.jar:/home/madhav/.m2/repository/org/junit/jupiter/junit-jupiter-params/5.10.1/junit-jupiter-params-5.10.1.jar:/home/madhav/.m2/repository/org/junit/jupiter/junit-jupiter-engine/5.10.1/junit-jupiter-engine-5.10.1.jar:/home/madhav/.m2/repository/org/junit/platform/junit-platform-engine/1.10.1/junit-platform-engine-1.10.1.jar:/home/madhav/.m2/repository/org/mockito/mockito-core/5.7.0/mockito-core-5.7.0.jar:/home/madhav/.m2/repository/net/bytebuddy/byte-buddy-agent/1.14.10/byte-buddy-agent-1.14.10.jar:/home/madhav/.m2/repository/org/objenesis/objenesis/3.3/objenesis-3.3.jar:/home/madhav/.m2/repository/org/mockito/mockito-junit-jupiter/5.7.0/mockito-junit-jupiter-5.7.0.jar:/home/madhav/.m2/repository/org/skyscreamer/jsonassert/1.5.1/jsonassert-1.5.1.jar:/home/madhav/.m2/repository/com/vaadin/external/google/android-json/0.0.20131108.vaadin1/android-json-0.0.20131108.vaadin1.jar:/home/madhav/.m2/repository/org/springframework/spring-core/6.1.2/spring-core-6.1.2.jar:/home/madhav/.m2/repository/org/springframework/spring-jcl/6.1.2/spring-jcl-6.1.2.jar:/home/madhav/.m2/repository/org/springframework/spring-test/6.1.2/spring-test-6.1.2.jar:/home/madhav/.m2/repository/org/xmlunit/xmlunit-core/2.9.1/xmlunit-core-2.9.1.jar:/home/madhav/.m2/repository/com/h2database/h2/2.2.224/h2-2.2.224.jar:/home/madhav/.m2/repository/org/assertj/assertj-core/3.21.0/assertj-core-3.21.0.jar:/home/madhav/.m2/repository/org/springframework/spring-web/6.1.2/spring-web-6.1.2.jar:/home/madhav/.m2/repository/org/springframework/spring-beans/6.1.2/spring-beans-6.1.2.jar:/home/madhav/.m2/repository/io/micrometer/micrometer-observation/1.12.1/micrometer-observation-1.12.1.jar:/home/madhav/.m2/repository/io/micrometer/micrometer-commons/1.12.1/micrometer-commons-1.12.1.jar:/home/madhav/.m2/repository/org/modelmapper/modelmapper/3.0.0/modelmapper-3.0.0.jar:"/>
    <property name="java.vm.vendor" value="Oracle Corporation"/>
    <property name="sun.arch.data.model" value="64"/>
    <property name="java.vendor.url" value="https://java.oracle.com/"/>
    <property name="user.timezone" value="America/Detroit"/>
    <property name="org.jboss.logging.provider" value="slf4j"/>
    <property name="os.name" value="Linux"/>
    <property name="java.vm.specification.version" value="17"/>
    <property name="sun.java.launcher" value="SUN_STANDARD"/>
    <property name="user.country" value="IN"/>
    <property name="sun.boot.library.path" value="/home/madhav/jdk-17.0.9/lib"/>
    <property name="sun.java.command" value="/home/madhav/Desktop/Variant/backend/target/surefire/surefirebooter-20240204164449596_3.jar /home/madhav/Desktop/Variant/backend/target/surefire 2024-02-04T16-44-49_437-jvmRun1 surefire-20240204164449596_1tmp surefire_0-20240204164449596_2tmp"/>
    <property name="jdk.debug" value="release"/>
    <property name="surefire.test.class.path" value="/home/madhav/Desktop/Variant/backend/target/test-classes:/home/madhav/Desktop/Variant/backend/target/classes:/home/madhav/.m2/repository/org/springframework/boot/spring-boot-starter-web/3.2.1/spring-boot-starter-web-3.2.1.jar:/home/madhav/.m2/repository/org/springframework/boot/spring-boot-starter/3.2.1/spring-boot-starter-3.2.1.jar:/home/madhav/.m2/repository/org/springframework/boot/spring-boot/3.2.1/spring-boot-3.2.1.jar:/home/madhav/.m2/repository/org/springframework/boot/spring-boot-autoconfigure/3.2.1/spring-boot-autoconfigure-3.2.1.jar:/home/madhav/.m2/repository/org/springframework/boot/spring-boot-starter-logging/3.2.1/spring-boot-starter-logging-3.2.1.jar:/home/madhav/.m2/repository/ch/qos/logback/logback-classic/1.4.14/logback-classic-1.4.14.jar:/home/madhav/.m2/repository/ch/qos/logback/logback-core/1.4.14/logback-core-1.4.14.jar:/home/madhav/.m2/repository/org/apache/logging/log4j/log4j-to-slf4j/2.21.1/log4j-to-slf4j-2.21.1.jar:/home/madhav/.m2/repository/org/apache/logging/log4j/log4j-api/2.21.1/log4j-api-2.21.1.jar:/home/madhav/.m2/repository/org/slf4j/jul-to-slf4j/2.0.9/jul-to-slf4j-2.0.9.jar:/home/madhav/.m2/repository/jakarta/annotation/jakarta.annotation-api/2.1.1/jakarta.annotation-api-2.1.1.jar:/home/madhav/.m2/repository/org/yaml/snakeyaml/2.2/snakeyaml-2.2.jar:/home/madhav/.m2/repository/org/springframework/boot/spring-boot-starter-json/3.2.1/spring-boot-starter-json-3.2.1.jar:/home/madhav/.m2/repository/com/fasterxml/jackson/core/jackson-databind/2.15.3/jackson-databind-2.15.3.jar:/home/madhav/.m2/repository/com/fasterxml/jackson/core/jackson-annotations/2.15.3/jackson-annotations-2.15.3.jar:/home/madhav/.m2/repository/com/fasterxml/jackson/core/jackson-core/2.15.3/jackson-core-2.15.3.jar:/home/madhav/.m2/repository/com/fasterxml/jackson/datatype/jackson-datatype-jdk8/2.15.3/jackson-datatype-jdk8-2.15.3.jar:/home/madhav/.m2/repository/com/fasterxml/jackson/datatype/jackson-datatype-jsr310/2.15.3/jackson-datatype-jsr310-2.15.3.jar:/home/madhav/.m2/repository/com/fasterxml/jackson/module/jackson-module-parameter-names/2.15.3/jackson-module-parameter-names-2.15.3.jar:/home/madhav/.m2/repository/org/springframework/boot/spring-boot-starter-tomcat/3.2.1/spring-boot-starter-tomcat-3.2.1.jar:/home/madhav/.m2/repository/org/apache/tomcat/embed/tomcat-embed-core/10.1.17/tomcat-embed-core-10.1.17.jar:/home/madhav/.m2/repository/org/apache/tomcat/embed/tomcat-embed-el/10.1.17/tomcat-embed-el-10.1.17.jar:/home/madhav/.m2/repository/org/apache/tomcat/embed/tomcat-embed-websocket/10.1.17/tomcat-embed-websocket-10.1.17.jar:/home/madhav/.m2/repository/org/springframework/spring-webmvc/6.1.2/spring-webmvc-6.1.2.jar:/home/madhav/.m2/repository/org/springframework/spring-aop/6.1.2/spring-aop-6.1.2.jar:/home/madhav/.m2/repository/org/springframework/spring-context/6.1.2/spring-context-6.1.2.jar:/home/madhav/.m2/repository/org/springframework/spring-expression/6.1.2/spring-expression-6.1.2.jar:/home/madhav/.m2/repository/org/springframework/boot/spring-boot-starter-data-jpa/3.2.1/spring-boot-starter-data-jpa-3.2.1.jar:/home/madhav/.m2/repository/org/springframework/boot/spring-boot-starter-aop/3.2.1/spring-boot-starter-aop-3.2.1.jar:/home/madhav/.m2/repository/org/aspectj/aspectjweaver/1.9.21/aspectjweaver-1.9.21.jar:/home/madhav/.m2/repository/org/springframework/boot/spring-boot-starter-jdbc/3.2.1/spring-boot-starter-jdbc-3.2.1.jar:/home/madhav/.m2/repository/com/zaxxer/HikariCP/5.0.1/HikariCP-5.0.1.jar:/home/madhav/.m2/repository/org/springframework/spring-jdbc/6.1.2/spring-jdbc-6.1.2.jar:/home/madhav/.m2/repository/org/hibernate/orm/hibernate-core/6.4.1.Final/hibernate-core-6.4.1.Final.jar:/home/madhav/.m2/repository/jakarta/persistence/jakarta.persistence-api/3.1.0/jakarta.persistence-api-3.1.0.jar:/home/madhav/.m2/repository/jakarta/transaction/jakarta.transaction-api/2.0.1/jakarta.transaction-api-2.0.1.jar:/home/madhav/.m2/repository/org/jboss/logging/jboss-logging/3.5.3.Final/jboss-logging-3.5.3.Final.jar:/home/madhav/.m2/repository/org/hibernate/common/hibernate-commons-annotations/6.0.6.Final/hibernate-commons-annotations-6.0.6.Final.jar:/home/madhav/.m2/repository/io/smallrye/jandex/3.1.2/jandex-3.1.2.jar:/home/madhav/.m2/repository/com/fasterxml/classmate/1.6.0/classmate-1.6.0.jar:/home/madhav/.m2/repository/net/bytebuddy/byte-buddy/1.14.10/byte-buddy-1.14.10.jar:/home/madhav/.m2/repository/org/glassfish/jaxb/jaxb-runtime/4.0.4/jaxb-runtime-4.0.4.jar:/home/madhav/.m2/repository/org/glassfish/jaxb/jaxb-core/4.0.4/jaxb-core-4.0.4.jar:/home/madhav/.m2/repository/org/eclipse/angus/angus-activation/2.0.1/angus-activation-2.0.1.jar:/home/madhav/.m2/repository/org/glassfish/jaxb/txw2/4.0.4/txw2-4.0.4.jar:/home/madhav/.m2/repository/com/sun/istack/istack-commons-runtime/4.1.2/istack-commons-runtime-4.1.2.jar:/home/madhav/.m2/repository/jakarta/inject/jakarta.inject-api/2.0.1/jakarta.inject-api-2.0.1.jar:/home/madhav/.m2/repository/org/antlr/antlr4-runtime/4.13.0/antlr4-runtime-4.13.0.jar:/home/madhav/.m2/repository/org/springframework/data/spring-data-jpa/3.2.1/spring-data-jpa-3.2.1.jar:/home/madhav/.m2/repository/org/springframework/data/spring-data-commons/3.2.1/spring-data-commons-3.2.1.jar:/home/madhav/.m2/repository/org/springframework/spring-orm/6.1.2/spring-orm-6.1.2.jar:/home/madhav/.m2/repository/org/springframework/spring-tx/6.1.2/spring-tx-6.1.2.jar:/home/madhav/.m2/repository/org/slf4j/slf4j-api/2.0.9/slf4j-api-2.0.9.jar:/home/madhav/.m2/repository/org/springframework/spring-aspects/6.1.2/spring-aspects-6.1.2.jar:/home/madhav/.m2/repository/org/postgresql/postgresql/42.6.0/postgresql-42.6.0.jar:/home/madhav/.m2/repository/org/checkerframework/checker-qual/3.31.0/checker-qual-3.31.0.jar:/home/madhav/.m2/repository/org/projectlombok/lombok/1.18.30/lombok-1.18.30.jar:/home/madhav/.m2/repository/org/springframework/boot/spring-boot-starter-test/3.2.1/spring-boot-starter-test-3.2.1.jar:/home/madhav/.m2/repository/org/springframework/boot/spring-boot-test/3.2.1/spring-boot-test-3.2.1.jar:/home/madhav/.m2/repository/org/springframework/boot/spring-boot-test-autoconfigure/3.2.1/spring-boot-test-autoconfigure-3.2.1.jar:/home/madhav/.m2/repository/com/jayway/jsonpath/json-path/2.8.0/json-path-2.8.0.jar:/home/madhav/.m2/repository/jakarta/xml/bind/jakarta.xml.bind-api/4.0.1/jakarta.xml.bind-api-4.0.1.jar:/home/madhav/.m2/repository/jakarta/activation/jakarta.activation-api/2.1.2/jakarta.activation-api-2.1.2.jar:/home/madhav/.m2/repository/net/minidev/json-smart/2.5.0/json-smart-2.5.0.jar:/home/madhav/.m2/repository/net/minidev/accessors-smart/2.5.0/accessors-smart-2.5.0.jar:/home/madhav/.m2/repository/org/ow2/asm/asm/9.3/asm-9.3.jar:/home/madhav/.m2/repository/org/awaitility/awaitility/4.2.0/awaitility-4.2.0.jar:/home/madhav/.m2/repository/org/hamcrest/hamcrest/2.2/hamcrest-2.2.jar:/home/madhav/.m2/repository/org/junit/jupiter/junit-jupiter/5.10.1/junit-jupiter-5.10.1.jar:/home/madhav/.m2/repository/org/junit/jupiter/junit-jupiter-api/5.10.1/junit-jupiter-api-5.10.1.jar:/home/madhav/.m2/repository/org/opentest4j/opentest4j/1.3.0/opentest4j-1.3.0.jar:/home/madhav/.m2/repository/org/junit/platform/junit-platform-commons/1.10.1/junit-platform-commons-1.10.1.jar:/home/madhav/.m2/repository/org/apiguardian/apiguardian-api/1.1.2/apiguardian-api-1.1.2.jar:/home/madhav/.m2/repository/org/junit/jupiter/junit-jupiter-params/5.10.1/junit-jupiter-params-5.10.1.jar:/home/madhav/.m2/repository/org/junit/jupiter/junit-jupiter-engine/5.10.1/junit-jupiter-engine-5.10.1.jar:/home/madhav/.m2/repository/org/junit/platform/junit-platform-engine/1.10.1/junit-platform-engine-1.10.1.jar:/home/madhav/.m2/repository/org/mockito/mockito-core/5.7.0/mockito-core-5.7.0.jar:/home/madhav/.m2/repository/net/bytebuddy/byte-buddy-agent/1.14.10/byte-buddy-agent-1.14.10.jar:/home/madhav/.m2/repository/org/objenesis/objenesis/3.3/objenesis-3.3.jar:/home/madhav/.m2/repository/org/mockito/mockito-junit-jupiter/5.7.0/mockito-junit-jupiter-5.7.0.jar:/home/madhav/.m2/repository/org/skyscreamer/jsonassert/1.5.1/jsonassert-1.5.1.jar:/home/madhav/.m2/repository/com/vaadin/external/google/android-json/0.0.20131108.vaadin1/android-json-0.0.20131108.vaadin1.jar:/home/madhav/.m2/repository/org/springframework/spring-core/6.1.2/spring-core-6.1.2.jar:/home/madhav/.m2/repository/org/springframework/spring-jcl/6.1.2/spring-jcl-6.1.2.jar:/home/madhav/.m2/repository/org/springframework/spring-test/6.1.2/spring-test-6.1.2.jar:/home/madhav/.m2/repository/org/xmlunit/xmlunit-core/2.9.1/xmlunit-core-2.9.1.jar:/home/madhav/.m2/repository/com/h2database/h2/2.2.224/h2-2.2.224.jar:/home/madhav/.m2/repository/org/assertj/assertj-core/3.21.0/assertj-core-3.21.0.jar:/home/madhav/.m2/repository/org/springframework/spring-web/6.1.2/spring-web-6.1.2.jar:/home/madhav/.m2/repository/org/springframework/spring-beans/6.1.2/spring-beans-6.1.2.jar:/home/madhav/.m2/repository/io/micrometer/micrometer-observation/1.12.1/micrometer-observation-1.12.1.jar:/home/madhav/.m2/repository/io/micrometer/micrometer-commons/1.12.1/micrometer-commons-1.12.1.jar:/home/madhav/.m2/repository/org/modelmapper/modelmapper/3.0.0/modelmapper-3.0.0.jar:"/>
    <property name="sun.cpu.endian" value="little"/>
    <property name="user.home" value="/home/madhav"/>
    <property name="user.language" value="en"/>
    <property name="java.specification.vendor" value="Oracle Corporation"/>
    <property name="java.version.date" value="2023-10-17"/>
    <property name="java.home" value="/home/madhav/jdk-17.0.9"/>
    <property name="file.separator" value="/"/>
    <property name="basedir" value="/home/madhav/Desktop/Variant/backend"/>
    <property name="java.vm.compressedOopsMode" value="32-bit"/>
    <property name="line.separator" value="&#10;"/>
    <property name="java.specification.name" value="Java Platform API Specification"/>
    <property name="java.vm.specification.vendor" value="Oracle Corporation"/>
    <property name="FILE_LOG_CHARSET" value="UTF-8"/>
    <property name="java.awt.headless" value="true"/>
    <property name="surefire.real.class.path" value="/home/madhav/Desktop/Variant/backend/target/surefire/surefirebooter-20240204164449596_3.jar"/>
    <property name="sun.management.compiler" value="HotSpot 64-Bit Tiered Compilers"/>
    <property name="java.runtime.version" value="17.0.9+11-LTS-201"/>
    <property name="user.name" value="madhav"/>
    <property name="path.separator" value=":"/>
    <property name="os.version" value="5.4.0-170-generic"/>
    <property name="java.runtime.name" value="Java(TM) SE Runtime Environment"/>
    <property name="file.encoding" value="UTF-8"/>
    <property name="java.vm.name" value="Java HotSpot(TM) 64-Bit Server VM"/>
    <property name="localRepository" value="/home/madhav/.m2/repository"/>
    <property name="java.vendor.url.bug" value="https://bugreport.java.com/bugreport/"/>
    <property name="java.io.tmpdir" value="/tmp"/>
    <property name="com.zaxxer.hikari.pool_number" value="88"/>
    <property name="java.version" value="17.0.9"/>
    <property name="user.dir" value="/home/madhav/Desktop/Variant/backend"/>
    <property name="os.arch" value="amd64"/>
    <property name="java.vm.specification.name" value="Java Virtual Machine Specification"/>
    <property name="PID" value="21079"/>
    <property name="CONSOLE_LOG_CHARSET" value="UTF-8"/>
    <property name="native.encoding" value="UTF-8"/>
    <property name="java.library.path" value="/usr/java/packages/lib:/usr/lib64:/lib64:/lib:/usr/lib"/>
    <property name="java.vm.info" value="mixed mode, sharing"/>
    <property name="java.vendor" value="Oracle Corporation"/>
    <property name="java.vm.version" value="17.0.9+11-LTS-201"/>
    <property name="sun.io.unicode.encoding" value="UnicodeLittle"/>
    <property name="java.class.version" value="61.0"/>
  </properties>
  <testcase name="testThatCreateServicesSuccessfullyReturnsSavedServices" classname="com.dms.variant.controllers.ServicesControllerIntegrationTests" time="0.017">
    <system-out><![CDATA[2024-02-04T16:45:26.150-05:00  INFO 21079 --- [           main] t.c.s.AnnotationConfigContextLoaderUtils : Could not detect default configuration classes for test class [com.dms.variant.controllers.ServicesControllerIntegrationTests]: ServicesControllerIntegrationTests does not declare any static, non-private, non-final, nested classes annotated with @Configuration.
2024-02-04T16:45:26.152-05:00  INFO 21079 --- [           main] .b.t.c.SpringBootTestContextBootstrapper : Found @SpringBootConfiguration com.dms.variant.VariantApplication for test class com.dms.variant.controllers.ServicesControllerIntegrationTests

  .   ____          _            __ _ _
 /\\ / ___'_ __ _ _(_)_ __  __ _ \ \ \ \
( ( )\___ | '_ | '_| | '_ \/ _` | \ \ \ \
 \\/  ___)| |_)| | | | | || (_| |  ) ) ) )
  '  |____| .__|_| |_|_| |_\__, | / / / /
 =========|_|==============|___/=/_/_/_/
 :: Spring Boot ::                (v3.2.1)

2024-02-04T16:45:26.163-05:00  INFO 21079 --- [           main] d.v.c.ServicesControllerIntegrationTests : Starting ServicesControllerIntegrationTests using Java 17.0.9 with PID 21079 (started by madhav in /home/madhav/Desktop/Variant/backend)
2024-02-04T16:45:26.163-05:00  INFO 21079 --- [           main] d.v.c.ServicesControllerIntegrationTests : No active profile set, falling back to 1 default profile: "default"
2024-02-04T16:45:26.224-05:00  INFO 21079 --- [           main] .s.d.r.c.RepositoryConfigurationDelegate : Bootstrapping Spring Data JPA repositories in DEFAULT mode.
2024-02-04T16:45:26.232-05:00  INFO 21079 --- [           main] .s.d.r.c.RepositoryConfigurationDelegate : Finished Spring Data repository scanning in 8 ms. Found 12 JPA repository interfaces.
2024-02-04T16:45:26.268-05:00  INFO 21079 --- [           main] com.zaxxer.hikari.HikariDataSource       : HikariPool-75 - Starting...
2024-02-04T16:45:26.268-05:00  INFO 21079 --- [           main] com.zaxxer.hikari.pool.HikariPool        : HikariPool-75 - Added connection conn740: url=jdbc:h2:mem:testdb user=SA
2024-02-04T16:45:26.269-05:00  INFO 21079 --- [           main] com.zaxxer.hikari.HikariDataSource       : HikariPool-75 - Start completed.
2024-02-04T16:45:26.269-05:00  INFO 21079 --- [           main] o.hibernate.jpa.internal.util.LogHelper  : HHH000204: Processing PersistenceUnitInfo [name: default]
2024-02-04T16:45:26.270-05:00  INFO 21079 --- [           main] o.h.c.internal.RegionFactoryInitiator    : HHH000026: Second-level cache disabled
2024-02-04T16:45:26.272-05:00  INFO 21079 --- [           main] o.s.o.j.p.SpringPersistenceUnitInfo      : No LoadTimeWeaver setup: ignoring JPA class transformer
2024-02-04T16:45:26.344-05:00  INFO 21079 --- [           main] o.h.e.t.j.p.i.JtaPlatformInitiator       : HHH000489: No JTA platform available (set 'hibernate.transaction.jta.platform' to enable JTA platform integration)
2024-02-04T16:45:26.347-05:00  INFO 21079 --- [           main] j.LocalContainerEntityManagerFactoryBean : Initialized JPA EntityManagerFactory for persistence unit 'default'
2024-02-04T16:45:26.410-05:00  WARN 21079 --- [           main] JpaBaseConfiguration$JpaWebConfiguration : spring.jpa.open-in-view is enabled by default. Therefore, database queries may be performed during view rendering. Explicitly configure spring.jpa.open-in-view to disable this warning
2024-02-04T16:45:26.453-05:00  INFO 21079 --- [           main] o.s.b.t.m.w.SpringBootMockServletContext : Initializing Spring TestDispatcherServlet ''
2024-02-04T16:45:26.453-05:00  INFO 21079 --- [           main] o.s.t.web.servlet.TestDispatcherServlet  : Initializing Servlet ''
2024-02-04T16:45:26.454-05:00  INFO 21079 --- [           main] o.s.t.web.servlet.TestDispatcherServlet  : Completed initialization in 1 ms
2024-02-04T16:45:26.458-05:00  INFO 21079 --- [           main] d.v.c.ServicesControllerIntegrationTests : Started ServicesControllerIntegrationTests in 0.304 seconds (process running for 36.783)
2024-02-04T16:45:26.473-05:00  INFO 21079 --- [           main] j.LocalContainerEntityManagerFactoryBean : Closing JPA EntityManagerFactory for persistence unit 'default'
2024-02-04T16:45:26.474-05:00  INFO 21079 --- [           main] com.zaxxer.hikari.HikariDataSource       : HikariPool-75 - Shutdown initiated...
2024-02-04T16:45:26.475-05:00  INFO 21079 --- [           main] com.zaxxer.hikari.HikariDataSource       : HikariPool-75 - Shutdown completed.
]]></system-out>
  </testcase>
  <testcase name="testThatGetServicesReturnsHttpStatus200WhenServicesExists" classname="com.dms.variant.controllers.ServicesControllerIntegrationTests" time="0.014">
    <system-out><![CDATA[
  .   ____          _            __ _ _
 /\\ / ___'_ __ _ _(_)_ __  __ _ \ \ \ \
( ( )\___ | '_ | '_| | '_ \/ _` | \ \ \ \
 \\/  ___)| |_)| | | | | || (_| |  ) ) ) )
  '  |____| .__|_| |_|_| |_\__, | / / / /
 =========|_|==============|___/=/_/_/_/
 :: Spring Boot ::                (v3.2.1)

2024-02-04T16:45:26.487-05:00  INFO 21079 --- [           main] d.v.c.ServicesControllerIntegrationTests : Starting ServicesControllerIntegrationTests using Java 17.0.9 with PID 21079 (started by madhav in /home/madhav/Desktop/Variant/backend)
2024-02-04T16:45:26.487-05:00  INFO 21079 --- [           main] d.v.c.ServicesControllerIntegrationTests : No active profile set, falling back to 1 default profile: "default"
2024-02-04T16:45:26.555-05:00  INFO 21079 --- [           main] .s.d.r.c.RepositoryConfigurationDelegate : Bootstrapping Spring Data JPA repositories in DEFAULT mode.
2024-02-04T16:45:26.564-05:00  INFO 21079 --- [           main] .s.d.r.c.RepositoryConfigurationDelegate : Finished Spring Data repository scanning in 8 ms. Found 12 JPA repository interfaces.
2024-02-04T16:45:26.599-05:00  INFO 21079 --- [           main] com.zaxxer.hikari.HikariDataSource       : HikariPool-76 - Starting...
2024-02-04T16:45:26.599-05:00  INFO 21079 --- [           main] com.zaxxer.hikari.pool.HikariPool        : HikariPool-76 - Added connection conn750: url=jdbc:h2:mem:testdb user=SA
2024-02-04T16:45:26.600-05:00  INFO 21079 --- [           main] com.zaxxer.hikari.HikariDataSource       : HikariPool-76 - Start completed.
2024-02-04T16:45:26.600-05:00  INFO 21079 --- [           main] o.hibernate.jpa.internal.util.LogHelper  : HHH000204: Processing PersistenceUnitInfo [name: default]
2024-02-04T16:45:26.601-05:00  INFO 21079 --- [           main] o.h.c.internal.RegionFactoryInitiator    : HHH000026: Second-level cache disabled
2024-02-04T16:45:26.603-05:00  INFO 21079 --- [           main] o.s.o.j.p.SpringPersistenceUnitInfo      : No LoadTimeWeaver setup: ignoring JPA class transformer
2024-02-04T16:45:26.665-05:00  INFO 21079 --- [           main] o.h.e.t.j.p.i.JtaPlatformInitiator       : HHH000489: No JTA platform available (set 'hibernate.transaction.jta.platform' to enable JTA platform integration)
2024-02-04T16:45:26.668-05:00  INFO 21079 --- [           main] j.LocalContainerEntityManagerFactoryBean : Initialized JPA EntityManagerFactory for persistence unit 'default'
2024-02-04T16:45:26.726-05:00  WARN 21079 --- [           main] JpaBaseConfiguration$JpaWebConfiguration : spring.jpa.open-in-view is enabled by default. Therefore, database queries may be performed during view rendering. Explicitly configure spring.jpa.open-in-view to disable this warning
2024-02-04T16:45:26.774-05:00  INFO 21079 --- [           main] o.s.b.t.m.w.SpringBootMockServletContext : Initializing Spring TestDispatcherServlet ''
2024-02-04T16:45:26.774-05:00  INFO 21079 --- [           main] o.s.t.web.servlet.TestDispatcherServlet  : Initializing Servlet ''
2024-02-04T16:45:26.775-05:00  INFO 21079 --- [           main] o.s.t.web.servlet.TestDispatcherServlet  : Completed initialization in 1 ms
2024-02-04T16:45:26.779-05:00  INFO 21079 --- [           main] d.v.c.ServicesControllerIntegrationTests : Started ServicesControllerIntegrationTests in 0.302 seconds (process running for 37.104)
2024-02-04T16:45:26.793-05:00  INFO 21079 --- [           main] j.LocalContainerEntityManagerFactoryBean : Closing JPA EntityManagerFactory for persistence unit 'default'
2024-02-04T16:45:26.794-05:00  INFO 21079 --- [           main] com.zaxxer.hikari.HikariDataSource       : HikariPool-76 - Shutdown initiated...
2024-02-04T16:45:26.794-05:00  INFO 21079 --- [           main] com.zaxxer.hikari.HikariDataSource       : HikariPool-76 - Shutdown completed.
]]></system-out>
  </testcase>
  <testcase name="testThatGetServicesReturnsServicesWhenServicesExists" classname="com.dms.variant.controllers.ServicesControllerIntegrationTests" time="0.012">
    <system-out><![CDATA[
  .   ____          _            __ _ _
 /\\ / ___'_ __ _ _(_)_ __  __ _ \ \ \ \
( ( )\___ | '_ | '_| | '_ \/ _` | \ \ \ \
 \\/  ___)| |_)| | | | | || (_| |  ) ) ) )
  '  |____| .__|_| |_|_| |_\__, | / / / /
 =========|_|==============|___/=/_/_/_/
 :: Spring Boot ::                (v3.2.1)

2024-02-04T16:45:26.806-05:00  INFO 21079 --- [           main] d.v.c.ServicesControllerIntegrationTests : Starting ServicesControllerIntegrationTests using Java 17.0.9 with PID 21079 (started by madhav in /home/madhav/Desktop/Variant/backend)
2024-02-04T16:45:26.806-05:00  INFO 21079 --- [           main] d.v.c.ServicesControllerIntegrationTests : No active profile set, falling back to 1 default profile: "default"
2024-02-04T16:45:26.870-05:00  INFO 21079 --- [           main] .s.d.r.c.RepositoryConfigurationDelegate : Bootstrapping Spring Data JPA repositories in DEFAULT mode.
2024-02-04T16:45:26.878-05:00  INFO 21079 --- [           main] .s.d.r.c.RepositoryConfigurationDelegate : Finished Spring Data repository scanning in 8 ms. Found 12 JPA repository interfaces.
2024-02-04T16:45:26.916-05:00  INFO 21079 --- [           main] com.zaxxer.hikari.HikariDataSource       : HikariPool-77 - Starting...
2024-02-04T16:45:26.918-05:00  INFO 21079 --- [           main] com.zaxxer.hikari.pool.HikariPool        : HikariPool-77 - Added connection conn760: url=jdbc:h2:mem:testdb user=SA
2024-02-04T16:45:26.918-05:00  INFO 21079 --- [           main] com.zaxxer.hikari.HikariDataSource       : HikariPool-77 - Start completed.
2024-02-04T16:45:26.919-05:00  INFO 21079 --- [           main] o.hibernate.jpa.internal.util.LogHelper  : HHH000204: Processing PersistenceUnitInfo [name: default]
2024-02-04T16:45:26.920-05:00  INFO 21079 --- [           main] o.h.c.internal.RegionFactoryInitiator    : HHH000026: Second-level cache disabled
2024-02-04T16:45:26.921-05:00  INFO 21079 --- [           main] o.s.o.j.p.SpringPersistenceUnitInfo      : No LoadTimeWeaver setup: ignoring JPA class transformer
2024-02-04T16:45:26.985-05:00  INFO 21079 --- [           main] o.h.e.t.j.p.i.JtaPlatformInitiator       : HHH000489: No JTA platform available (set 'hibernate.transaction.jta.platform' to enable JTA platform integration)
2024-02-04T16:45:26.988-05:00  INFO 21079 --- [           main] j.LocalContainerEntityManagerFactoryBean : Initialized JPA EntityManagerFactory for persistence unit 'default'
2024-02-04T16:45:27.057-05:00  WARN 21079 --- [           main] JpaBaseConfiguration$JpaWebConfiguration : spring.jpa.open-in-view is enabled by default. Therefore, database queries may be performed during view rendering. Explicitly configure spring.jpa.open-in-view to disable this warning
2024-02-04T16:45:27.101-05:00  INFO 21079 --- [           main] o.s.b.t.m.w.SpringBootMockServletContext : Initializing Spring TestDispatcherServlet ''
2024-02-04T16:45:27.102-05:00  INFO 21079 --- [           main] o.s.t.web.servlet.TestDispatcherServlet  : Initializing Servlet ''
2024-02-04T16:45:27.102-05:00  INFO 21079 --- [           main] o.s.t.web.servlet.TestDispatcherServlet  : Completed initialization in 0 ms
2024-02-04T16:45:27.107-05:00  INFO 21079 --- [           main] d.v.c.ServicesControllerIntegrationTests : Started ServicesControllerIntegrationTests in 0.311 seconds (process running for 37.432)
2024-02-04T16:45:27.118-05:00  INFO 21079 --- [           main] j.LocalContainerEntityManagerFactoryBean : Closing JPA EntityManagerFactory for persistence unit 'default'
2024-02-04T16:45:27.119-05:00  INFO 21079 --- [           main] com.zaxxer.hikari.HikariDataSource       : HikariPool-77 - Shutdown initiated...
2024-02-04T16:45:27.119-05:00  INFO 21079 --- [           main] com.zaxxer.hikari.HikariDataSource       : HikariPool-77 - Shutdown completed.
]]></system-out>
  </testcase>
  <testcase name="testThatFullUpdateServicesReturnsHttpStatus200WhenServicesExists" classname="com.dms.variant.controllers.ServicesControllerIntegrationTests" time="0.02">
    <system-out><![CDATA[
  .   ____          _            __ _ _
 /\\ / ___'_ __ _ _(_)_ __  __ _ \ \ \ \
( ( )\___ | '_ | '_| | '_ \/ _` | \ \ \ \
 \\/  ___)| |_)| | | | | || (_| |  ) ) ) )
  '  |____| .__|_| |_|_| |_\__, | / / / /
 =========|_|==============|___/=/_/_/_/
 :: Spring Boot ::                (v3.2.1)

2024-02-04T16:45:27.131-05:00  INFO 21079 --- [           main] d.v.c.ServicesControllerIntegrationTests : Starting ServicesControllerIntegrationTests using Java 17.0.9 with PID 21079 (started by madhav in /home/madhav/Desktop/Variant/backend)
2024-02-04T16:45:27.131-05:00  INFO 21079 --- [           main] d.v.c.ServicesControllerIntegrationTests : No active profile set, falling back to 1 default profile: "default"
2024-02-04T16:45:27.195-05:00  INFO 21079 --- [           main] .s.d.r.c.RepositoryConfigurationDelegate : Bootstrapping Spring Data JPA repositories in DEFAULT mode.
2024-02-04T16:45:27.203-05:00  INFO 21079 --- [           main] .s.d.r.c.RepositoryConfigurationDelegate : Finished Spring Data repository scanning in 7 ms. Found 12 JPA repository interfaces.
2024-02-04T16:45:27.241-05:00  INFO 21079 --- [           main] com.zaxxer.hikari.HikariDataSource       : HikariPool-78 - Starting...
2024-02-04T16:45:27.241-05:00  INFO 21079 --- [           main] com.zaxxer.hikari.pool.HikariPool        : HikariPool-78 - Added connection conn770: url=jdbc:h2:mem:testdb user=SA
2024-02-04T16:45:27.241-05:00  INFO 21079 --- [           main] com.zaxxer.hikari.HikariDataSource       : HikariPool-78 - Start completed.
2024-02-04T16:45:27.242-05:00  INFO 21079 --- [           main] o.hibernate.jpa.internal.util.LogHelper  : HHH000204: Processing PersistenceUnitInfo [name: default]
2024-02-04T16:45:27.243-05:00  INFO 21079 --- [           main] o.h.c.internal.RegionFactoryInitiator    : HHH000026: Second-level cache disabled
2024-02-04T16:45:27.245-05:00  INFO 21079 --- [           main] o.s.o.j.p.SpringPersistenceUnitInfo      : No LoadTimeWeaver setup: ignoring JPA class transformer
2024-02-04T16:45:27.302-05:00  INFO 21079 --- [           main] o.h.e.t.j.p.i.JtaPlatformInitiator       : HHH000489: No JTA platform available (set 'hibernate.transaction.jta.platform' to enable JTA platform integration)
2024-02-04T16:45:27.306-05:00  INFO 21079 --- [           main] j.LocalContainerEntityManagerFactoryBean : Initialized JPA EntityManagerFactory for persistence unit 'default'
2024-02-04T16:45:27.365-05:00  WARN 21079 --- [           main] JpaBaseConfiguration$JpaWebConfiguration : spring.jpa.open-in-view is enabled by default. Therefore, database queries may be performed during view rendering. Explicitly configure spring.jpa.open-in-view to disable this warning
2024-02-04T16:45:27.408-05:00  INFO 21079 --- [           main] o.s.b.t.m.w.SpringBootMockServletContext : Initializing Spring TestDispatcherServlet ''
2024-02-04T16:45:27.408-05:00  INFO 21079 --- [           main] o.s.t.web.servlet.TestDispatcherServlet  : Initializing Servlet ''
2024-02-04T16:45:27.409-05:00  INFO 21079 --- [           main] o.s.t.web.servlet.TestDispatcherServlet  : Completed initialization in 1 ms
2024-02-04T16:45:27.413-05:00  INFO 21079 --- [           main] d.v.c.ServicesControllerIntegrationTests : Started ServicesControllerIntegrationTests in 0.292 seconds (process running for 37.738)
2024-02-04T16:45:27.431-05:00  INFO 21079 --- [           main] j.LocalContainerEntityManagerFactoryBean : Closing JPA EntityManagerFactory for persistence unit 'default'
2024-02-04T16:45:27.432-05:00  INFO 21079 --- [           main] com.zaxxer.hikari.HikariDataSource       : HikariPool-78 - Shutdown initiated...
2024-02-04T16:45:27.434-05:00  INFO 21079 --- [           main] com.zaxxer.hikari.HikariDataSource       : HikariPool-78 - Shutdown completed.
]]></system-out>
  </testcase>
  <testcase name="testThatDeleteServicesReturnsHttpStatus204ForNonExistingServices" classname="com.dms.variant.controllers.ServicesControllerIntegrationTests" time="0.013">
    <system-out><![CDATA[
  .   ____          _            __ _ _
 /\\ / ___'_ __ _ _(_)_ __  __ _ \ \ \ \
( ( )\___ | '_ | '_| | '_ \/ _` | \ \ \ \
 \\/  ___)| |_)| | | | | || (_| |  ) ) ) )
  '  |____| .__|_| |_|_| |_\__, | / / / /
 =========|_|==============|___/=/_/_/_/
 :: Spring Boot ::                (v3.2.1)

2024-02-04T16:45:27.445-05:00  INFO 21079 --- [           main] d.v.c.ServicesControllerIntegrationTests : Starting ServicesControllerIntegrationTests using Java 17.0.9 with PID 21079 (started by madhav in /home/madhav/Desktop/Variant/backend)
2024-02-04T16:45:27.446-05:00  INFO 21079 --- [           main] d.v.c.ServicesControllerIntegrationTests : No active profile set, falling back to 1 default profile: "default"
2024-02-04T16:45:27.508-05:00  INFO 21079 --- [           main] .s.d.r.c.RepositoryConfigurationDelegate : Bootstrapping Spring Data JPA repositories in DEFAULT mode.
2024-02-04T16:45:27.516-05:00  INFO 21079 --- [           main] .s.d.r.c.RepositoryConfigurationDelegate : Finished Spring Data repository scanning in 7 ms. Found 12 JPA repository interfaces.
2024-02-04T16:45:27.555-05:00  INFO 21079 --- [           main] com.zaxxer.hikari.HikariDataSource       : HikariPool-79 - Starting...
2024-02-04T16:45:27.556-05:00  INFO 21079 --- [           main] com.zaxxer.hikari.pool.HikariPool        : HikariPool-79 - Added connection conn780: url=jdbc:h2:mem:testdb user=SA
2024-02-04T16:45:27.556-05:00  INFO 21079 --- [           main] com.zaxxer.hikari.HikariDataSource       : HikariPool-79 - Start completed.
2024-02-04T16:45:27.557-05:00  INFO 21079 --- [           main] o.hibernate.jpa.internal.util.LogHelper  : HHH000204: Processing PersistenceUnitInfo [name: default]
2024-02-04T16:45:27.558-05:00  INFO 21079 --- [           main] o.h.c.internal.RegionFactoryInitiator    : HHH000026: Second-level cache disabled
2024-02-04T16:45:27.560-05:00  INFO 21079 --- [           main] o.s.o.j.p.SpringPersistenceUnitInfo      : No LoadTimeWeaver setup: ignoring JPA class transformer
2024-02-04T16:45:27.619-05:00  INFO 21079 --- [           main] o.h.e.t.j.p.i.JtaPlatformInitiator       : HHH000489: No JTA platform available (set 'hibernate.transaction.jta.platform' to enable JTA platform integration)
2024-02-04T16:45:27.622-05:00  INFO 21079 --- [           main] j.LocalContainerEntityManagerFactoryBean : Initialized JPA EntityManagerFactory for persistence unit 'default'
2024-02-04T16:45:27.677-05:00  WARN 21079 --- [           main] JpaBaseConfiguration$JpaWebConfiguration : spring.jpa.open-in-view is enabled by default. Therefore, database queries may be performed during view rendering. Explicitly configure spring.jpa.open-in-view to disable this warning
2024-02-04T16:45:27.722-05:00  INFO 21079 --- [           main] o.s.b.t.m.w.SpringBootMockServletContext : Initializing Spring TestDispatcherServlet ''
2024-02-04T16:45:27.723-05:00  INFO 21079 --- [           main] o.s.t.web.servlet.TestDispatcherServlet  : Initializing Servlet ''
2024-02-04T16:45:27.723-05:00  INFO 21079 --- [           main] o.s.t.web.servlet.TestDispatcherServlet  : Completed initialization in 0 ms
2024-02-04T16:45:27.727-05:00  INFO 21079 --- [           main] d.v.c.ServicesControllerIntegrationTests : Started ServicesControllerIntegrationTests in 0.291 seconds (process running for 38.052)
2024-02-04T16:45:27.734-05:00  INFO 21079 --- [           main] j.LocalContainerEntityManagerFactoryBean : Closing JPA EntityManagerFactory for persistence unit 'default'
2024-02-04T16:45:27.734-05:00  INFO 21079 --- [           main] com.zaxxer.hikari.HikariDataSource       : HikariPool-79 - Shutdown initiated...
2024-02-04T16:45:27.741-05:00  INFO 21079 --- [           main] com.zaxxer.hikari.HikariDataSource       : HikariPool-79 - Shutdown completed.
]]></system-out>
  </testcase>
  <testcase name="testThatCreateServicesSuccessfullyReturnsHttp201Created" classname="com.dms.variant.controllers.ServicesControllerIntegrationTests" time="0.018">
    <system-out><![CDATA[
  .   ____          _            __ _ _
 /\\ / ___'_ __ _ _(_)_ __  __ _ \ \ \ \
( ( )\___ | '_ | '_| | '_ \/ _` | \ \ \ \
 \\/  ___)| |_)| | | | | || (_| |  ) ) ) )
  '  |____| .__|_| |_|_| |_\__, | / / / /
 =========|_|==============|___/=/_/_/_/
 :: Spring Boot ::                (v3.2.1)

2024-02-04T16:45:27.750-05:00  INFO 21079 --- [           main] d.v.c.ServicesControllerIntegrationTests : Starting ServicesControllerIntegrationTests using Java 17.0.9 with PID 21079 (started by madhav in /home/madhav/Desktop/Variant/backend)
2024-02-04T16:45:27.750-05:00  INFO 21079 --- [           main] d.v.c.ServicesControllerIntegrationTests : No active profile set, falling back to 1 default profile: "default"
2024-02-04T16:45:27.804-05:00  INFO 21079 --- [           main] .s.d.r.c.RepositoryConfigurationDelegate : Bootstrapping Spring Data JPA repositories in DEFAULT mode.
2024-02-04T16:45:27.812-05:00  INFO 21079 --- [           main] .s.d.r.c.RepositoryConfigurationDelegate : Finished Spring Data repository scanning in 7 ms. Found 12 JPA repository interfaces.
2024-02-04T16:45:27.845-05:00  INFO 21079 --- [           main] com.zaxxer.hikari.HikariDataSource       : HikariPool-80 - Starting...
2024-02-04T16:45:27.846-05:00  INFO 21079 --- [           main] com.zaxxer.hikari.pool.HikariPool        : HikariPool-80 - Added connection conn789: url=jdbc:h2:mem:testdb user=SA
2024-02-04T16:45:27.846-05:00  INFO 21079 --- [           main] com.zaxxer.hikari.HikariDataSource       : HikariPool-80 - Start completed.
2024-02-04T16:45:27.846-05:00  INFO 21079 --- [           main] o.hibernate.jpa.internal.util.LogHelper  : HHH000204: Processing PersistenceUnitInfo [name: default]
2024-02-04T16:45:27.847-05:00  INFO 21079 --- [           main] o.h.c.internal.RegionFactoryInitiator    : HHH000026: Second-level cache disabled
2024-02-04T16:45:27.849-05:00  INFO 21079 --- [           main] o.s.o.j.p.SpringPersistenceUnitInfo      : No LoadTimeWeaver setup: ignoring JPA class transformer
2024-02-04T16:45:27.903-05:00  INFO 21079 --- [           main] o.h.e.t.j.p.i.JtaPlatformInitiator       : HHH000489: No JTA platform available (set 'hibernate.transaction.jta.platform' to enable JTA platform integration)
2024-02-04T16:45:27.906-05:00  INFO 21079 --- [           main] j.LocalContainerEntityManagerFactoryBean : Initialized JPA EntityManagerFactory for persistence unit 'default'
2024-02-04T16:45:27.963-05:00  WARN 21079 --- [           main] JpaBaseConfiguration$JpaWebConfiguration : spring.jpa.open-in-view is enabled by default. Therefore, database queries may be performed during view rendering. Explicitly configure spring.jpa.open-in-view to disable this warning
2024-02-04T16:45:28.005-05:00  INFO 21079 --- [           main] o.s.b.t.m.w.SpringBootMockServletContext : Initializing Spring TestDispatcherServlet ''
2024-02-04T16:45:28.005-05:00  INFO 21079 --- [           main] o.s.t.web.servlet.TestDispatcherServlet  : Initializing Servlet ''
2024-02-04T16:45:28.005-05:00  INFO 21079 --- [           main] o.s.t.web.servlet.TestDispatcherServlet  : Completed initialization in 0 ms
2024-02-04T16:45:28.010-05:00  INFO 21079 --- [           main] d.v.c.ServicesControllerIntegrationTests : Started ServicesControllerIntegrationTests in 0.268 seconds (process running for 38.335)
2024-02-04T16:45:28.022-05:00  INFO 21079 --- [           main] j.LocalContainerEntityManagerFactoryBean : Closing JPA EntityManagerFactory for persistence unit 'default'
2024-02-04T16:45:28.023-05:00  INFO 21079 --- [           main] com.zaxxer.hikari.HikariDataSource       : HikariPool-80 - Shutdown initiated...
2024-02-04T16:45:28.028-05:00  INFO 21079 --- [           main] com.zaxxer.hikari.HikariDataSource       : HikariPool-80 - Shutdown completed.
]]></system-out>
  </testcase>
  <testcase name="testThatPartialUpdateServicesReturnsHttpStatus200WhenServicesExists" classname="com.dms.variant.controllers.ServicesControllerIntegrationTests" time="0.023">
    <system-out><![CDATA[
  .   ____          _            __ _ _
 /\\ / ___'_ __ _ _(_)_ __  __ _ \ \ \ \
( ( )\___ | '_ | '_| | '_ \/ _` | \ \ \ \
 \\/  ___)| |_)| | | | | || (_| |  ) ) ) )
  '  |____| .__|_| |_|_| |_\__, | / / / /
 =========|_|==============|___/=/_/_/_/
 :: Spring Boot ::                (v3.2.1)

2024-02-04T16:45:28.038-05:00  INFO 21079 --- [           main] d.v.c.ServicesControllerIntegrationTests : Starting ServicesControllerIntegrationTests using Java 17.0.9 with PID 21079 (started by madhav in /home/madhav/Desktop/Variant/backend)
2024-02-04T16:45:28.039-05:00  INFO 21079 --- [           main] d.v.c.ServicesControllerIntegrationTests : No active profile set, falling back to 1 default profile: "default"
2024-02-04T16:45:28.101-05:00  INFO 21079 --- [           main] .s.d.r.c.RepositoryConfigurationDelegate : Bootstrapping Spring Data JPA repositories in DEFAULT mode.
2024-02-04T16:45:28.109-05:00  INFO 21079 --- [           main] .s.d.r.c.RepositoryConfigurationDelegate : Finished Spring Data repository scanning in 7 ms. Found 12 JPA repository interfaces.
2024-02-04T16:45:28.144-05:00  INFO 21079 --- [           main] com.zaxxer.hikari.HikariDataSource       : HikariPool-81 - Starting...
2024-02-04T16:45:28.145-05:00  INFO 21079 --- [           main] com.zaxxer.hikari.pool.HikariPool        : HikariPool-81 - Added connection conn798: url=jdbc:h2:mem:testdb user=SA
2024-02-04T16:45:28.145-05:00  INFO 21079 --- [           main] com.zaxxer.hikari.HikariDataSource       : HikariPool-81 - Start completed.
2024-02-04T16:45:28.146-05:00  INFO 21079 --- [           main] o.hibernate.jpa.internal.util.LogHelper  : HHH000204: Processing PersistenceUnitInfo [name: default]
2024-02-04T16:45:28.147-05:00  INFO 21079 --- [           main] o.h.c.internal.RegionFactoryInitiator    : HHH000026: Second-level cache disabled
2024-02-04T16:45:28.148-05:00  INFO 21079 --- [           main] o.s.o.j.p.SpringPersistenceUnitInfo      : No LoadTimeWeaver setup: ignoring JPA class transformer
2024-02-04T16:45:28.202-05:00  INFO 21079 --- [           main] o.h.e.t.j.p.i.JtaPlatformInitiator       : HHH000489: No JTA platform available (set 'hibernate.transaction.jta.platform' to enable JTA platform integration)
2024-02-04T16:45:28.205-05:00  INFO 21079 --- [           main] j.LocalContainerEntityManagerFactoryBean : Initialized JPA EntityManagerFactory for persistence unit 'default'
2024-02-04T16:45:28.261-05:00  WARN 21079 --- [           main] JpaBaseConfiguration$JpaWebConfiguration : spring.jpa.open-in-view is enabled by default. Therefore, database queries may be performed during view rendering. Explicitly configure spring.jpa.open-in-view to disable this warning
2024-02-04T16:45:28.298-05:00  INFO 21079 --- [           main] o.s.b.t.m.w.SpringBootMockServletContext : Initializing Spring TestDispatcherServlet ''
2024-02-04T16:45:28.298-05:00  INFO 21079 --- [           main] o.s.t.web.servlet.TestDispatcherServlet  : Initializing Servlet ''
2024-02-04T16:45:28.299-05:00  INFO 21079 --- [           main] o.s.t.web.servlet.TestDispatcherServlet  : Completed initialization in 1 ms
2024-02-04T16:45:28.303-05:00  INFO 21079 --- [           main] d.v.c.ServicesControllerIntegrationTests : Started ServicesControllerIntegrationTests in 0.273 seconds (process running for 38.628)
2024-02-04T16:45:28.318-05:00  INFO 21079 --- [           main] j.LocalContainerEntityManagerFactoryBean : Closing JPA EntityManagerFactory for persistence unit 'default'
2024-02-04T16:45:28.319-05:00  INFO 21079 --- [           main] com.zaxxer.hikari.HikariDataSource       : HikariPool-81 - Shutdown initiated...
2024-02-04T16:45:28.327-05:00  INFO 21079 --- [           main] com.zaxxer.hikari.HikariDataSource       : HikariPool-81 - Shutdown completed.
]]></system-out>
  </testcase>
  <testcase name="testThatGetServicesReturnsHttpStatus404WhenNoServicesExists" classname="com.dms.variant.controllers.ServicesControllerIntegrationTests" time="0.015">
    <system-out><![CDATA[
  .   ____          _            __ _ _
 /\\ / ___'_ __ _ _(_)_ __  __ _ \ \ \ \
( ( )\___ | '_ | '_| | '_ \/ _` | \ \ \ \
 \\/  ___)| |_)| | | | | || (_| |  ) ) ) )
  '  |____| .__|_| |_|_| |_\__, | / / / /
 =========|_|==============|___/=/_/_/_/
 :: Spring Boot ::                (v3.2.1)

2024-02-04T16:45:28.336-05:00  INFO 21079 --- [           main] d.v.c.ServicesControllerIntegrationTests : Starting ServicesControllerIntegrationTests using Java 17.0.9 with PID 21079 (started by madhav in /home/madhav/Desktop/Variant/backend)
2024-02-04T16:45:28.336-05:00  INFO 21079 --- [           main] d.v.c.ServicesControllerIntegrationTests : No active profile set, falling back to 1 default profile: "default"
2024-02-04T16:45:28.399-05:00  INFO 21079 --- [           main] .s.d.r.c.RepositoryConfigurationDelegate : Bootstrapping Spring Data JPA repositories in DEFAULT mode.
2024-02-04T16:45:28.406-05:00  INFO 21079 --- [           main] .s.d.r.c.RepositoryConfigurationDelegate : Finished Spring Data repository scanning in 7 ms. Found 12 JPA repository interfaces.
2024-02-04T16:45:28.440-05:00  INFO 21079 --- [           main] com.zaxxer.hikari.HikariDataSource       : HikariPool-82 - Starting...
2024-02-04T16:45:28.441-05:00  INFO 21079 --- [           main] com.zaxxer.hikari.pool.HikariPool        : HikariPool-82 - Added connection conn807: url=jdbc:h2:mem:testdb user=SA
2024-02-04T16:45:28.441-05:00  INFO 21079 --- [           main] com.zaxxer.hikari.HikariDataSource       : HikariPool-82 - Start completed.
2024-02-04T16:45:28.441-05:00  INFO 21079 --- [           main] o.hibernate.jpa.internal.util.LogHelper  : HHH000204: Processing PersistenceUnitInfo [name: default]
2024-02-04T16:45:28.442-05:00  INFO 21079 --- [           main] o.h.c.internal.RegionFactoryInitiator    : HHH000026: Second-level cache disabled
2024-02-04T16:45:28.444-05:00  INFO 21079 --- [           main] o.s.o.j.p.SpringPersistenceUnitInfo      : No LoadTimeWeaver setup: ignoring JPA class transformer
2024-02-04T16:45:28.495-05:00  INFO 21079 --- [           main] o.h.e.t.j.p.i.JtaPlatformInitiator       : HHH000489: No JTA platform available (set 'hibernate.transaction.jta.platform' to enable JTA platform integration)
2024-02-04T16:45:28.498-05:00  INFO 21079 --- [           main] j.LocalContainerEntityManagerFactoryBean : Initialized JPA EntityManagerFactory for persistence unit 'default'
2024-02-04T16:45:28.547-05:00  WARN 21079 --- [           main] JpaBaseConfiguration$JpaWebConfiguration : spring.jpa.open-in-view is enabled by default. Therefore, database queries may be performed during view rendering. Explicitly configure spring.jpa.open-in-view to disable this warning
2024-02-04T16:45:28.583-05:00  INFO 21079 --- [           main] o.s.b.t.m.w.SpringBootMockServletContext : Initializing Spring TestDispatcherServlet ''
2024-02-04T16:45:28.583-05:00  INFO 21079 --- [           main] o.s.t.web.servlet.TestDispatcherServlet  : Initializing Servlet ''
2024-02-04T16:45:28.583-05:00  INFO 21079 --- [           main] o.s.t.web.servlet.TestDispatcherServlet  : Completed initialization in 0 ms
2024-02-04T16:45:28.587-05:00  INFO 21079 --- [           main] d.v.c.ServicesControllerIntegrationTests : Started ServicesControllerIntegrationTests in 0.258 seconds (process running for 38.912)
2024-02-04T16:45:28.595-05:00  INFO 21079 --- [           main] j.LocalContainerEntityManagerFactoryBean : Closing JPA EntityManagerFactory for persistence unit 'default'
2024-02-04T16:45:28.596-05:00  INFO 21079 --- [           main] com.zaxxer.hikari.HikariDataSource       : HikariPool-82 - Shutdown initiated...
2024-02-04T16:45:28.603-05:00  INFO 21079 --- [           main] com.zaxxer.hikari.HikariDataSource       : HikariPool-82 - Shutdown completed.
]]></system-out>
  </testcase>
  <testcase name="testThatDeleteServicesReturnsHttpStatus204ForExistingServices" classname="com.dms.variant.controllers.ServicesControllerIntegrationTests" time="0.015">
    <system-out><![CDATA[
  .   ____          _            __ _ _
 /\\ / ___'_ __ _ _(_)_ __  __ _ \ \ \ \
( ( )\___ | '_ | '_| | '_ \/ _` | \ \ \ \
 \\/  ___)| |_)| | | | | || (_| |  ) ) ) )
  '  |____| .__|_| |_|_| |_\__, | / / / /
 =========|_|==============|___/=/_/_/_/
 :: Spring Boot ::                (v3.2.1)

2024-02-04T16:45:28.611-05:00  INFO 21079 --- [           main] d.v.c.ServicesControllerIntegrationTests : Starting ServicesControllerIntegrationTests using Java 17.0.9 with PID 21079 (started by madhav in /home/madhav/Desktop/Variant/backend)
2024-02-04T16:45:28.612-05:00  INFO 21079 --- [           main] d.v.c.ServicesControllerIntegrationTests : No active profile set, falling back to 1 default profile: "default"
2024-02-04T16:45:28.678-05:00  INFO 21079 --- [           main] .s.d.r.c.RepositoryConfigurationDelegate : Bootstrapping Spring Data JPA repositories in DEFAULT mode.
2024-02-04T16:45:28.686-05:00  INFO 21079 --- [           main] .s.d.r.c.RepositoryConfigurationDelegate : Finished Spring Data repository scanning in 7 ms. Found 12 JPA repository interfaces.
2024-02-04T16:45:28.719-05:00  INFO 21079 --- [           main] com.zaxxer.hikari.HikariDataSource       : HikariPool-83 - Starting...
2024-02-04T16:45:28.720-05:00  INFO 21079 --- [           main] com.zaxxer.hikari.pool.HikariPool        : HikariPool-83 - Added connection conn814: url=jdbc:h2:mem:testdb user=SA
2024-02-04T16:45:28.720-05:00  INFO 21079 --- [           main] com.zaxxer.hikari.HikariDataSource       : HikariPool-83 - Start completed.
2024-02-04T16:45:28.721-05:00  INFO 21079 --- [           main] o.hibernate.jpa.internal.util.LogHelper  : HHH000204: Processing PersistenceUnitInfo [name: default]
2024-02-04T16:45:28.722-05:00  INFO 21079 --- [           main] o.h.c.internal.RegionFactoryInitiator    : HHH000026: Second-level cache disabled
2024-02-04T16:45:28.723-05:00  INFO 21079 --- [           main] o.s.o.j.p.SpringPersistenceUnitInfo      : No LoadTimeWeaver setup: ignoring JPA class transformer
2024-02-04T16:45:28.785-05:00  INFO 21079 --- [           main] o.h.e.t.j.p.i.JtaPlatformInitiator       : HHH000489: No JTA platform available (set 'hibernate.transaction.jta.platform' to enable JTA platform integration)
2024-02-04T16:45:28.787-05:00  INFO 21079 --- [           main] j.LocalContainerEntityManagerFactoryBean : Initialized JPA EntityManagerFactory for persistence unit 'default'
2024-02-04T16:45:28.847-05:00  WARN 21079 --- [           main] JpaBaseConfiguration$JpaWebConfiguration : spring.jpa.open-in-view is enabled by default. Therefore, database queries may be performed during view rendering. Explicitly configure spring.jpa.open-in-view to disable this warning
2024-02-04T16:45:28.892-05:00  INFO 21079 --- [           main] o.s.b.t.m.w.SpringBootMockServletContext : Initializing Spring TestDispatcherServlet ''
2024-02-04T16:45:28.892-05:00  INFO 21079 --- [           main] o.s.t.web.servlet.TestDispatcherServlet  : Initializing Servlet ''
2024-02-04T16:45:28.893-05:00  INFO 21079 --- [           main] o.s.t.web.servlet.TestDispatcherServlet  : Completed initialization in 1 ms
2024-02-04T16:45:28.898-05:00  INFO 21079 --- [           main] d.v.c.ServicesControllerIntegrationTests : Started ServicesControllerIntegrationTests in 0.293 seconds (process running for 39.222)
2024-02-04T16:45:28.908-05:00  INFO 21079 --- [           main] j.LocalContainerEntityManagerFactoryBean : Closing JPA EntityManagerFactory for persistence unit 'default'
2024-02-04T16:45:28.909-05:00  INFO 21079 --- [           main] com.zaxxer.hikari.HikariDataSource       : HikariPool-83 - Shutdown initiated...
2024-02-04T16:45:28.913-05:00  INFO 21079 --- [           main] com.zaxxer.hikari.HikariDataSource       : HikariPool-83 - Shutdown completed.
]]></system-out>
  </testcase>
  <testcase name="testThatPartialUpdateExistingServicesReturnsUpdatedServices" classname="com.dms.variant.controllers.ServicesControllerIntegrationTests" time="0.016">
    <system-out><![CDATA[
  .   ____          _            __ _ _
 /\\ / ___'_ __ _ _(_)_ __  __ _ \ \ \ \
( ( )\___ | '_ | '_| | '_ \/ _` | \ \ \ \
 \\/  ___)| |_)| | | | | || (_| |  ) ) ) )
  '  |____| .__|_| |_|_| |_\__, | / / / /
 =========|_|==============|___/=/_/_/_/
 :: Spring Boot ::                (v3.2.1)

2024-02-04T16:45:28.926-05:00  INFO 21079 --- [           main] d.v.c.ServicesControllerIntegrationTests : Starting ServicesControllerIntegrationTests using Java 17.0.9 with PID 21079 (started by madhav in /home/madhav/Desktop/Variant/backend)
2024-02-04T16:45:28.926-05:00  INFO 21079 --- [           main] d.v.c.ServicesControllerIntegrationTests : No active profile set, falling back to 1 default profile: "default"
2024-02-04T16:45:28.993-05:00  INFO 21079 --- [           main] .s.d.r.c.RepositoryConfigurationDelegate : Bootstrapping Spring Data JPA repositories in DEFAULT mode.
2024-02-04T16:45:29.005-05:00  INFO 21079 --- [           main] .s.d.r.c.RepositoryConfigurationDelegate : Finished Spring Data repository scanning in 12 ms. Found 12 JPA repository interfaces.
2024-02-04T16:45:29.042-05:00  INFO 21079 --- [           main] com.zaxxer.hikari.HikariDataSource       : HikariPool-84 - Starting...
2024-02-04T16:45:29.043-05:00  INFO 21079 --- [           main] com.zaxxer.hikari.pool.HikariPool        : HikariPool-84 - Added connection conn824: url=jdbc:h2:mem:testdb user=SA
2024-02-04T16:45:29.043-05:00  INFO 21079 --- [           main] com.zaxxer.hikari.HikariDataSource       : HikariPool-84 - Start completed.
2024-02-04T16:45:29.044-05:00  INFO 21079 --- [           main] o.hibernate.jpa.internal.util.LogHelper  : HHH000204: Processing PersistenceUnitInfo [name: default]
2024-02-04T16:45:29.045-05:00  INFO 21079 --- [           main] o.h.c.internal.RegionFactoryInitiator    : HHH000026: Second-level cache disabled
2024-02-04T16:45:29.046-05:00  INFO 21079 --- [           main] o.s.o.j.p.SpringPersistenceUnitInfo      : No LoadTimeWeaver setup: ignoring JPA class transformer
2024-02-04T16:45:29.108-05:00  INFO 21079 --- [           main] o.h.e.t.j.p.i.JtaPlatformInitiator       : HHH000489: No JTA platform available (set 'hibernate.transaction.jta.platform' to enable JTA platform integration)
2024-02-04T16:45:29.110-05:00  INFO 21079 --- [           main] j.LocalContainerEntityManagerFactoryBean : Initialized JPA EntityManagerFactory for persistence unit 'default'
2024-02-04T16:45:29.170-05:00  WARN 21079 --- [           main] JpaBaseConfiguration$JpaWebConfiguration : spring.jpa.open-in-view is enabled by default. Therefore, database queries may be performed during view rendering. Explicitly configure spring.jpa.open-in-view to disable this warning
2024-02-04T16:45:29.213-05:00  INFO 21079 --- [           main] o.s.b.t.m.w.SpringBootMockServletContext : Initializing Spring TestDispatcherServlet ''
2024-02-04T16:45:29.213-05:00  INFO 21079 --- [           main] o.s.t.web.servlet.TestDispatcherServlet  : Initializing Servlet ''
2024-02-04T16:45:29.214-05:00  INFO 21079 --- [           main] o.s.t.web.servlet.TestDispatcherServlet  : Completed initialization in 1 ms
2024-02-04T16:45:29.218-05:00  INFO 21079 --- [           main] d.v.c.ServicesControllerIntegrationTests : Started ServicesControllerIntegrationTests in 0.303 seconds (process running for 39.543)
2024-02-04T16:45:29.234-05:00  INFO 21079 --- [           main] j.LocalContainerEntityManagerFactoryBean : Closing JPA EntityManagerFactory for persistence unit 'default'
2024-02-04T16:45:29.235-05:00  INFO 21079 --- [           main] com.zaxxer.hikari.HikariDataSource       : HikariPool-84 - Shutdown initiated...
2024-02-04T16:45:29.236-05:00  INFO 21079 --- [           main] com.zaxxer.hikari.HikariDataSource       : HikariPool-84 - Shutdown completed.
]]></system-out>
  </testcase>
  <testcase name="testThatListServicesReturnsListOfServices" classname="com.dms.variant.controllers.ServicesControllerIntegrationTests" time="0.014">
    <system-out><![CDATA[
  .   ____          _            __ _ _
 /\\ / ___'_ __ _ _(_)_ __  __ _ \ \ \ \
( ( )\___ | '_ | '_| | '_ \/ _` | \ \ \ \
 \\/  ___)| |_)| | | | | || (_| |  ) ) ) )
  '  |____| .__|_| |_|_| |_\__, | / / / /
 =========|_|==============|___/=/_/_/_/
 :: Spring Boot ::                (v3.2.1)

2024-02-04T16:45:29.245-05:00  INFO 21079 --- [           main] d.v.c.ServicesControllerIntegrationTests : Starting ServicesControllerIntegrationTests using Java 17.0.9 with PID 21079 (started by madhav in /home/madhav/Desktop/Variant/backend)
2024-02-04T16:45:29.245-05:00  INFO 21079 --- [           main] d.v.c.ServicesControllerIntegrationTests : No active profile set, falling back to 1 default profile: "default"
2024-02-04T16:45:29.310-05:00  INFO 21079 --- [           main] .s.d.r.c.RepositoryConfigurationDelegate : Bootstrapping Spring Data JPA repositories in DEFAULT mode.
2024-02-04T16:45:29.319-05:00  INFO 21079 --- [           main] .s.d.r.c.RepositoryConfigurationDelegate : Finished Spring Data repository scanning in 8 ms. Found 12 JPA repository interfaces.
2024-02-04T16:45:29.356-05:00  INFO 21079 --- [           main] com.zaxxer.hikari.HikariDataSource       : HikariPool-85 - Starting...
2024-02-04T16:45:29.357-05:00  INFO 21079 --- [           main] com.zaxxer.hikari.pool.HikariPool        : HikariPool-85 - Added connection conn834: url=jdbc:h2:mem:testdb user=SA
2024-02-04T16:45:29.357-05:00  INFO 21079 --- [           main] com.zaxxer.hikari.HikariDataSource       : HikariPool-85 - Start completed.
2024-02-04T16:45:29.358-05:00  INFO 21079 --- [           main] o.hibernate.jpa.internal.util.LogHelper  : HHH000204: Processing PersistenceUnitInfo [name: default]
2024-02-04T16:45:29.359-05:00  INFO 21079 --- [           main] o.h.c.internal.RegionFactoryInitiator    : HHH000026: Second-level cache disabled
2024-02-04T16:45:29.361-05:00  INFO 21079 --- [           main] o.s.o.j.p.SpringPersistenceUnitInfo      : No LoadTimeWeaver setup: ignoring JPA class transformer
2024-02-04T16:45:29.441-05:00  INFO 21079 --- [           main] o.h.e.t.j.p.i.JtaPlatformInitiator       : HHH000489: No JTA platform available (set 'hibernate.transaction.jta.platform' to enable JTA platform integration)
2024-02-04T16:45:29.445-05:00  INFO 21079 --- [           main] j.LocalContainerEntityManagerFactoryBean : Initialized JPA EntityManagerFactory for persistence unit 'default'
2024-02-04T16:45:29.519-05:00  WARN 21079 --- [           main] JpaBaseConfiguration$JpaWebConfiguration : spring.jpa.open-in-view is enabled by default. Therefore, database queries may be performed during view rendering. Explicitly configure spring.jpa.open-in-view to disable this warning
2024-02-04T16:45:29.562-05:00  INFO 21079 --- [           main] o.s.b.t.m.w.SpringBootMockServletContext : Initializing Spring TestDispatcherServlet ''
2024-02-04T16:45:29.562-05:00  INFO 21079 --- [           main] o.s.t.web.servlet.TestDispatcherServlet  : Initializing Servlet ''
2024-02-04T16:45:29.562-05:00  INFO 21079 --- [           main] o.s.t.web.servlet.TestDispatcherServlet  : Completed initialization in 0 ms
2024-02-04T16:45:29.567-05:00  INFO 21079 --- [           main] d.v.c.ServicesControllerIntegrationTests : Started ServicesControllerIntegrationTests in 0.33 seconds (process running for 39.892)
2024-02-04T16:45:29.581-05:00  INFO 21079 --- [           main] j.LocalContainerEntityManagerFactoryBean : Closing JPA EntityManagerFactory for persistence unit 'default'
2024-02-04T16:45:29.581-05:00  INFO 21079 --- [           main] com.zaxxer.hikari.HikariDataSource       : HikariPool-85 - Shutdown initiated...
2024-02-04T16:45:29.582-05:00  INFO 21079 --- [           main] com.zaxxer.hikari.HikariDataSource       : HikariPool-85 - Shutdown completed.
]]></system-out>
  </testcase>
  <testcase name="testThatFullUpdateServicesReturnsHttpStatus404WhenNoServicesExists" classname="com.dms.variant.controllers.ServicesControllerIntegrationTests" time="0.012">
    <system-out><![CDATA[
  .   ____          _            __ _ _
 /\\ / ___'_ __ _ _(_)_ __  __ _ \ \ \ \
( ( )\___ | '_ | '_| | '_ \/ _` | \ \ \ \
 \\/  ___)| |_)| | | | | || (_| |  ) ) ) )
  '  |____| .__|_| |_|_| |_\__, | / / / /
 =========|_|==============|___/=/_/_/_/
 :: Spring Boot ::                (v3.2.1)

2024-02-04T16:45:29.591-05:00  INFO 21079 --- [           main] d.v.c.ServicesControllerIntegrationTests : Starting ServicesControllerIntegrationTests using Java 17.0.9 with PID 21079 (started by madhav in /home/madhav/Desktop/Variant/backend)
2024-02-04T16:45:29.591-05:00  INFO 21079 --- [           main] d.v.c.ServicesControllerIntegrationTests : No active profile set, falling back to 1 default profile: "default"
2024-02-04T16:45:29.656-05:00  INFO 21079 --- [           main] .s.d.r.c.RepositoryConfigurationDelegate : Bootstrapping Spring Data JPA repositories in DEFAULT mode.
2024-02-04T16:45:29.664-05:00  INFO 21079 --- [           main] .s.d.r.c.RepositoryConfigurationDelegate : Finished Spring Data repository scanning in 7 ms. Found 12 JPA repository interfaces.
2024-02-04T16:45:29.698-05:00  INFO 21079 --- [           main] com.zaxxer.hikari.HikariDataSource       : HikariPool-86 - Starting...
2024-02-04T16:45:29.699-05:00  INFO 21079 --- [           main] com.zaxxer.hikari.pool.HikariPool        : HikariPool-86 - Added connection conn844: url=jdbc:h2:mem:testdb user=SA
2024-02-04T16:45:29.699-05:00  INFO 21079 --- [           main] com.zaxxer.hikari.HikariDataSource       : HikariPool-86 - Start completed.
2024-02-04T16:45:29.700-05:00  INFO 21079 --- [           main] o.hibernate.jpa.internal.util.LogHelper  : HHH000204: Processing PersistenceUnitInfo [name: default]
2024-02-04T16:45:29.701-05:00  INFO 21079 --- [           main] o.h.c.internal.RegionFactoryInitiator    : HHH000026: Second-level cache disabled
2024-02-04T16:45:29.702-05:00  INFO 21079 --- [           main] o.s.o.j.p.SpringPersistenceUnitInfo      : No LoadTimeWeaver setup: ignoring JPA class transformer
2024-02-04T16:45:29.772-05:00  INFO 21079 --- [           main] o.h.e.t.j.p.i.JtaPlatformInitiator       : HHH000489: No JTA platform available (set 'hibernate.transaction.jta.platform' to enable JTA platform integration)
2024-02-04T16:45:29.775-05:00  INFO 21079 --- [           main] j.LocalContainerEntityManagerFactoryBean : Initialized JPA EntityManagerFactory for persistence unit 'default'
2024-02-04T16:45:29.834-05:00  WARN 21079 --- [           main] JpaBaseConfiguration$JpaWebConfiguration : spring.jpa.open-in-view is enabled by default. Therefore, database queries may be performed during view rendering. Explicitly configure spring.jpa.open-in-view to disable this warning
2024-02-04T16:45:29.878-05:00  INFO 21079 --- [           main] o.s.b.t.m.w.SpringBootMockServletContext : Initializing Spring TestDispatcherServlet ''
2024-02-04T16:45:29.878-05:00  INFO 21079 --- [           main] o.s.t.web.servlet.TestDispatcherServlet  : Initializing Servlet ''
2024-02-04T16:45:29.879-05:00  INFO 21079 --- [           main] o.s.t.web.servlet.TestDispatcherServlet  : Completed initialization in 1 ms
2024-02-04T16:45:29.883-05:00  INFO 21079 --- [           main] d.v.c.ServicesControllerIntegrationTests : Started ServicesControllerIntegrationTests in 0.3 seconds (process running for 40.207)
2024-02-04T16:45:29.893-05:00  INFO 21079 --- [           main] j.LocalContainerEntityManagerFactoryBean : Closing JPA EntityManagerFactory for persistence unit 'default'
2024-02-04T16:45:29.895-05:00  INFO 21079 --- [           main] com.zaxxer.hikari.HikariDataSource       : HikariPool-86 - Shutdown initiated...
2024-02-04T16:45:29.895-05:00  INFO 21079 --- [           main] com.zaxxer.hikari.HikariDataSource       : HikariPool-86 - Shutdown completed.
]]></system-out>
  </testcase>
  <testcase name="testThatFullUpdateUpdatesExistingServices" classname="com.dms.variant.controllers.ServicesControllerIntegrationTests" time="0.026">
    <system-out><![CDATA[
  .   ____          _            __ _ _
 /\\ / ___'_ __ _ _(_)_ __  __ _ \ \ \ \
( ( )\___ | '_ | '_| | '_ \/ _` | \ \ \ \
 \\/  ___)| |_)| | | | | || (_| |  ) ) ) )
  '  |____| .__|_| |_|_| |_\__, | / / / /
 =========|_|==============|___/=/_/_/_/
 :: Spring Boot ::                (v3.2.1)

2024-02-04T16:45:29.906-05:00  INFO 21079 --- [           main] d.v.c.ServicesControllerIntegrationTests : Starting ServicesControllerIntegrationTests using Java 17.0.9 with PID 21079 (started by madhav in /home/madhav/Desktop/Variant/backend)
2024-02-04T16:45:29.906-05:00  INFO 21079 --- [           main] d.v.c.ServicesControllerIntegrationTests : No active profile set, falling back to 1 default profile: "default"
2024-02-04T16:45:29.966-05:00  INFO 21079 --- [           main] .s.d.r.c.RepositoryConfigurationDelegate : Bootstrapping Spring Data JPA repositories in DEFAULT mode.
2024-02-04T16:45:29.974-05:00  INFO 21079 --- [           main] .s.d.r.c.RepositoryConfigurationDelegate : Finished Spring Data repository scanning in 7 ms. Found 12 JPA repository interfaces.
2024-02-04T16:45:30.005-05:00  INFO 21079 --- [           main] com.zaxxer.hikari.HikariDataSource       : HikariPool-87 - Starting...
2024-02-04T16:45:30.006-05:00  INFO 21079 --- [           main] com.zaxxer.hikari.pool.HikariPool        : HikariPool-87 - Added connection conn854: url=jdbc:h2:mem:testdb user=SA
2024-02-04T16:45:30.006-05:00  INFO 21079 --- [           main] com.zaxxer.hikari.HikariDataSource       : HikariPool-87 - Start completed.
2024-02-04T16:45:30.007-05:00  INFO 21079 --- [           main] o.hibernate.jpa.internal.util.LogHelper  : HHH000204: Processing PersistenceUnitInfo [name: default]
2024-02-04T16:45:30.008-05:00  INFO 21079 --- [           main] o.h.c.internal.RegionFactoryInitiator    : HHH000026: Second-level cache disabled
2024-02-04T16:45:30.009-05:00  INFO 21079 --- [           main] o.s.o.j.p.SpringPersistenceUnitInfo      : No LoadTimeWeaver setup: ignoring JPA class transformer
2024-02-04T16:45:30.064-05:00  INFO 21079 --- [           main] o.h.e.t.j.p.i.JtaPlatformInitiator       : HHH000489: No JTA platform available (set 'hibernate.transaction.jta.platform' to enable JTA platform integration)
2024-02-04T16:45:30.066-05:00  INFO 21079 --- [           main] j.LocalContainerEntityManagerFactoryBean : Initialized JPA EntityManagerFactory for persistence unit 'default'
2024-02-04T16:45:30.111-05:00  WARN 21079 --- [           main] JpaBaseConfiguration$JpaWebConfiguration : spring.jpa.open-in-view is enabled by default. Therefore, database queries may be performed during view rendering. Explicitly configure spring.jpa.open-in-view to disable this warning
2024-02-04T16:45:30.148-05:00  INFO 21079 --- [           main] o.s.b.t.m.w.SpringBootMockServletContext : Initializing Spring TestDispatcherServlet ''
2024-02-04T16:45:30.148-05:00  INFO 21079 --- [           main] o.s.t.web.servlet.TestDispatcherServlet  : Initializing Servlet ''
2024-02-04T16:45:30.148-05:00  INFO 21079 --- [           main] o.s.t.web.servlet.TestDispatcherServlet  : Completed initialization in 0 ms
2024-02-04T16:45:30.152-05:00  INFO 21079 --- [           main] d.v.c.ServicesControllerIntegrationTests : Started ServicesControllerIntegrationTests in 0.255 seconds (process running for 40.477)
2024-02-04T16:45:30.173-05:00  INFO 21079 --- [           main] j.LocalContainerEntityManagerFactoryBean : Closing JPA EntityManagerFactory for persistence unit 'default'
2024-02-04T16:45:30.174-05:00  INFO 21079 --- [           main] com.zaxxer.hikari.HikariDataSource       : HikariPool-87 - Shutdown initiated...
2024-02-04T16:45:30.179-05:00  INFO 21079 --- [           main] com.zaxxer.hikari.HikariDataSource       : HikariPool-87 - Shutdown completed.
]]></system-out>
  </testcase>
  <testcase name="testThatListServicesReturnsHttpStatus200" classname="com.dms.variant.controllers.ServicesControllerIntegrationTests" time="0.011">
    <system-out><![CDATA[
  .   ____          _            __ _ _
 /\\ / ___'_ __ _ _(_)_ __  __ _ \ \ \ \
( ( )\___ | '_ | '_| | '_ \/ _` | \ \ \ \
 \\/  ___)| |_)| | | | | || (_| |  ) ) ) )
  '  |____| .__|_| |_|_| |_\__, | / / / /
 =========|_|==============|___/=/_/_/_/
 :: Spring Boot ::                (v3.2.1)

2024-02-04T16:45:30.188-05:00  INFO 21079 --- [           main] d.v.c.ServicesControllerIntegrationTests : Starting ServicesControllerIntegrationTests using Java 17.0.9 with PID 21079 (started by madhav in /home/madhav/Desktop/Variant/backend)
2024-02-04T16:45:30.188-05:00  INFO 21079 --- [           main] d.v.c.ServicesControllerIntegrationTests : No active profile set, falling back to 1 default profile: "default"
2024-02-04T16:45:30.248-05:00  INFO 21079 --- [           main] .s.d.r.c.RepositoryConfigurationDelegate : Bootstrapping Spring Data JPA repositories in DEFAULT mode.
2024-02-04T16:45:30.255-05:00  INFO 21079 --- [           main] .s.d.r.c.RepositoryConfigurationDelegate : Finished Spring Data repository scanning in 7 ms. Found 12 JPA repository interfaces.
2024-02-04T16:45:30.291-05:00  INFO 21079 --- [           main] com.zaxxer.hikari.HikariDataSource       : HikariPool-88 - Starting...
2024-02-04T16:45:30.292-05:00  INFO 21079 --- [           main] com.zaxxer.hikari.pool.HikariPool        : HikariPool-88 - Added connection conn862: url=jdbc:h2:mem:testdb user=SA
2024-02-04T16:45:30.292-05:00  INFO 21079 --- [           main] com.zaxxer.hikari.HikariDataSource       : HikariPool-88 - Start completed.
2024-02-04T16:45:30.293-05:00  INFO 21079 --- [           main] o.hibernate.jpa.internal.util.LogHelper  : HHH000204: Processing PersistenceUnitInfo [name: default]
2024-02-04T16:45:30.294-05:00  INFO 21079 --- [           main] o.h.c.internal.RegionFactoryInitiator    : HHH000026: Second-level cache disabled
2024-02-04T16:45:30.295-05:00  INFO 21079 --- [           main] o.s.o.j.p.SpringPersistenceUnitInfo      : No LoadTimeWeaver setup: ignoring JPA class transformer
2024-02-04T16:45:30.364-05:00  INFO 21079 --- [           main] o.h.e.t.j.p.i.JtaPlatformInitiator       : HHH000489: No JTA platform available (set 'hibernate.transaction.jta.platform' to enable JTA platform integration)
2024-02-04T16:45:30.367-05:00  INFO 21079 --- [           main] j.LocalContainerEntityManagerFactoryBean : Initialized JPA EntityManagerFactory for persistence unit 'default'
2024-02-04T16:45:30.425-05:00  WARN 21079 --- [           main] JpaBaseConfiguration$JpaWebConfiguration : spring.jpa.open-in-view is enabled by default. Therefore, database queries may be performed during view rendering. Explicitly configure spring.jpa.open-in-view to disable this warning
2024-02-04T16:45:30.470-05:00  INFO 21079 --- [           main] o.s.b.t.m.w.SpringBootMockServletContext : Initializing Spring TestDispatcherServlet ''
2024-02-04T16:45:30.471-05:00  INFO 21079 --- [           main] o.s.t.web.servlet.TestDispatcherServlet  : Initializing Servlet ''
2024-02-04T16:45:30.471-05:00  INFO 21079 --- [           main] o.s.t.web.servlet.TestDispatcherServlet  : Completed initialization in 0 ms
2024-02-04T16:45:30.476-05:00  INFO 21079 --- [           main] d.v.c.ServicesControllerIntegrationTests : Started ServicesControllerIntegrationTests in 0.295 seconds (process running for 40.8)
2024-02-04T16:45:30.486-05:00  INFO 21079 --- [           main] j.LocalContainerEntityManagerFactoryBean : Closing JPA EntityManagerFactory for persistence unit 'default'
2024-02-04T16:45:30.487-05:00  INFO 21079 --- [           main] com.zaxxer.hikari.HikariDataSource       : HikariPool-88 - Shutdown initiated...
2024-02-04T16:45:30.488-05:00  INFO 21079 --- [           main] com.zaxxer.hikari.HikariDataSource       : HikariPool-88 - Shutdown completed.
]]></system-out>
  </testcase>
</testsuite>